[0.362s] DEBUG:colcon:Command line arguments: ['/usr/bin/colcon', 'build', '--packages-select', 'mujoco_ros2']
[0.362s] DEBUG:colcon:Parsed command line arguments: Namespace(log_base=None, log_level=None, verb_name='build', build_base='build', install_base='install', merge_install=False, symlink_install=False, test_result_base=None, continue_on_error=False, executor='parallel', parallel_workers=8, event_handlers=None, ignore_user_meta=False, metas=['./colcon.meta'], base_paths=['.'], packages_ignore=None, packages_ignore_regex=None, paths=None, packages_up_to=None, packages_up_to_regex=None, packages_above=None, packages_above_and_dependencies=None, packages_above_depth=None, packages_select_by_dep=None, packages_skip_by_dep=None, packages_skip_up_to=None, packages_select_build_failed=False, packages_skip_build_finished=False, packages_select_test_failures=False, packages_skip_test_passed=False, packages_select=['mujoco_ros2'], packages_skip=None, packages_select_regex=None, packages_skip_regex=None, packages_start=None, packages_end=None, cmake_args=None, cmake_target=None, cmake_target_skip_unavailable=False, cmake_clean_cache=False, cmake_clean_first=False, cmake_force_configure=False, ament_cmake_args=None, catkin_cmake_args=None, catkin_skip_building_tests=False, verb_parser=<colcon_defaults.argument_parser.defaults.DefaultArgumentsDecorator object at 0x76d785e28e60>, verb_extension=<colcon_core.verb.build.BuildVerb object at 0x76d785f4d280>, main=<bound method BuildVerb.main of <colcon_core.verb.build.BuildVerb object at 0x76d785f4d280>>)
[0.547s] Level 1:colcon.colcon_core.package_discovery:discover_packages(colcon_meta) check parameters
[0.547s] Level 1:colcon.colcon_core.package_discovery:discover_packages(recursive) check parameters
[0.547s] Level 1:colcon.colcon_core.package_discovery:discover_packages(ignore) check parameters
[0.547s] Level 1:colcon.colcon_core.package_discovery:discover_packages(path) check parameters
[0.547s] Level 1:colcon.colcon_core.package_discovery:discover_packages(colcon_meta) discover
[0.548s] Level 1:colcon.colcon_core.package_discovery:discover_packages(recursive) discover
[0.548s] INFO:colcon.colcon_core.package_discovery:Crawling recursively for packages in '/home/yahia/Documents/GitHub/robotics'
[0.548s] Level 1:colcon.colcon_core.package_identification:_identify(.) by extensions ['ignore', 'ignore_ament_install']
[0.548s] Level 1:colcon.colcon_core.package_identification:_identify(.) by extension 'ignore'
[0.548s] Level 1:colcon.colcon_core.package_identification:_identify(.) by extension 'ignore_ament_install'
[0.548s] Level 1:colcon.colcon_core.package_identification:_identify(.) by extensions ['colcon_pkg']
[0.548s] Level 1:colcon.colcon_core.package_identification:_identify(.) by extension 'colcon_pkg'
[0.548s] Level 1:colcon.colcon_core.package_identification:_identify(.) by extensions ['colcon_meta']
[0.548s] Level 1:colcon.colcon_core.package_identification:_identify(.) by extension 'colcon_meta'
[0.548s] Level 1:colcon.colcon_core.package_identification:_identify(.) by extensions ['ros']
[0.548s] Level 1:colcon.colcon_core.package_identification:_identify(.) by extension 'ros'
[0.604s] Level 1:colcon.colcon_core.package_identification:_identify(.) by extensions ['cmake', 'python']
[0.604s] Level 1:colcon.colcon_core.package_identification:_identify(.) by extension 'cmake'
[0.604s] Level 1:colcon.colcon_core.package_identification:_identify(.) by extension 'python'
[0.604s] Level 1:colcon.colcon_core.package_identification:_identify(.) by extensions ['python_setup_py']
[0.604s] Level 1:colcon.colcon_core.package_identification:_identify(.) by extension 'python_setup_py'
[0.604s] Level 1:colcon.colcon_core.package_identification:_identify(build) by extensions ['ignore', 'ignore_ament_install']
[0.604s] Level 1:colcon.colcon_core.package_identification:_identify(build) by extension 'ignore'
[0.604s] Level 1:colcon.colcon_core.package_identification:_identify(build) ignored
[0.605s] Level 1:colcon.colcon_core.package_identification:_identify(docs) by extensions ['ignore', 'ignore_ament_install']
[0.605s] Level 1:colcon.colcon_core.package_identification:_identify(docs) by extension 'ignore'
[0.605s] Level 1:colcon.colcon_core.package_identification:_identify(docs) by extension 'ignore_ament_install'
[0.605s] Level 1:colcon.colcon_core.package_identification:_identify(docs) by extensions ['colcon_pkg']
[0.605s] Level 1:colcon.colcon_core.package_identification:_identify(docs) by extension 'colcon_pkg'
[0.605s] Level 1:colcon.colcon_core.package_identification:_identify(docs) by extensions ['colcon_meta']
[0.605s] Level 1:colcon.colcon_core.package_identification:_identify(docs) by extension 'colcon_meta'
[0.605s] Level 1:colcon.colcon_core.package_identification:_identify(docs) by extensions ['ros']
[0.605s] Level 1:colcon.colcon_core.package_identification:_identify(docs) by extension 'ros'
[0.606s] Level 1:colcon.colcon_core.package_identification:_identify(docs) by extensions ['cmake', 'python']
[0.606s] Level 1:colcon.colcon_core.package_identification:_identify(docs) by extension 'cmake'
[0.606s] Level 1:colcon.colcon_core.package_identification:_identify(docs) by extension 'python'
[0.606s] Level 1:colcon.colcon_core.package_identification:_identify(docs) by extensions ['python_setup_py']
[0.606s] Level 1:colcon.colcon_core.package_identification:_identify(docs) by extension 'python_setup_py'
[0.606s] Level 1:colcon.colcon_core.package_identification:_identify(install) by extensions ['ignore', 'ignore_ament_install']
[0.606s] Level 1:colcon.colcon_core.package_identification:_identify(install) by extension 'ignore'
[0.606s] Level 1:colcon.colcon_core.package_identification:_identify(install) ignored
[0.606s] Level 1:colcon.colcon_core.package_identification:_identify(log) by extensions ['ignore', 'ignore_ament_install']
[0.607s] Level 1:colcon.colcon_core.package_identification:_identify(log) by extension 'ignore'
[0.607s] Level 1:colcon.colcon_core.package_identification:_identify(log) ignored
[0.607s] Level 1:colcon.colcon_core.package_identification:_identify(src) by extensions ['ignore', 'ignore_ament_install']
[0.607s] Level 1:colcon.colcon_core.package_identification:_identify(src) by extension 'ignore'
[0.607s] Level 1:colcon.colcon_core.package_identification:_identify(src) by extension 'ignore_ament_install'
[0.607s] Level 1:colcon.colcon_core.package_identification:_identify(src) by extensions ['colcon_pkg']
[0.607s] Level 1:colcon.colcon_core.package_identification:_identify(src) by extension 'colcon_pkg'
[0.607s] Level 1:colcon.colcon_core.package_identification:_identify(src) by extensions ['colcon_meta']
[0.607s] Level 1:colcon.colcon_core.package_identification:_identify(src) by extension 'colcon_meta'
[0.607s] Level 1:colcon.colcon_core.package_identification:_identify(src) by extensions ['ros']
[0.607s] Level 1:colcon.colcon_core.package_identification:_identify(src) by extension 'ros'
[0.608s] Level 1:colcon.colcon_core.package_identification:_identify(src) by extensions ['cmake', 'python']
[0.608s] Level 1:colcon.colcon_core.package_identification:_identify(src) by extension 'cmake'
[0.608s] Level 1:colcon.colcon_core.package_identification:_identify(src) by extension 'python'
[0.608s] Level 1:colcon.colcon_core.package_identification:_identify(src) by extensions ['python_setup_py']
[0.608s] Level 1:colcon.colcon_core.package_identification:_identify(src) by extension 'python_setup_py'
[0.608s] Level 1:colcon.colcon_core.package_identification:_identify(src/low_cost_robot_arm) by extensions ['ignore', 'ignore_ament_install']
[0.608s] Level 1:colcon.colcon_core.package_identification:_identify(src/low_cost_robot_arm) by extension 'ignore'
[0.608s] Level 1:colcon.colcon_core.package_identification:_identify(src/low_cost_robot_arm) by extension 'ignore_ament_install'
[0.608s] Level 1:colcon.colcon_core.package_identification:_identify(src/low_cost_robot_arm) by extensions ['colcon_pkg']
[0.609s] Level 1:colcon.colcon_core.package_identification:_identify(src/low_cost_robot_arm) by extension 'colcon_pkg'
[0.609s] Level 1:colcon.colcon_core.package_identification:_identify(src/low_cost_robot_arm) by extensions ['colcon_meta']
[0.609s] Level 1:colcon.colcon_core.package_identification:_identify(src/low_cost_robot_arm) by extension 'colcon_meta'
[0.609s] Level 1:colcon.colcon_core.package_identification:_identify(src/low_cost_robot_arm) by extensions ['ros']
[0.609s] Level 1:colcon.colcon_core.package_identification:_identify(src/low_cost_robot_arm) by extension 'ros'
[0.609s] Level 1:colcon.colcon_core.package_identification:_identify(src/low_cost_robot_arm) by extensions ['cmake', 'python']
[0.609s] Level 1:colcon.colcon_core.package_identification:_identify(src/low_cost_robot_arm) by extension 'cmake'
[0.609s] Level 1:colcon.colcon_core.package_identification:_identify(src/low_cost_robot_arm) by extension 'python'
[0.609s] Level 1:colcon.colcon_core.package_identification:_identify(src/low_cost_robot_arm) by extensions ['python_setup_py']
[0.609s] Level 1:colcon.colcon_core.package_identification:_identify(src/low_cost_robot_arm) by extension 'python_setup_py'
[0.609s] Level 1:colcon.colcon_core.package_identification:_identify(src/low_cost_robot_arm/launch) by extensions ['ignore', 'ignore_ament_install']
[0.610s] Level 1:colcon.colcon_core.package_identification:_identify(src/low_cost_robot_arm/launch) by extension 'ignore'
[0.610s] Level 1:colcon.colcon_core.package_identification:_identify(src/low_cost_robot_arm/launch) by extension 'ignore_ament_install'
[0.610s] Level 1:colcon.colcon_core.package_identification:_identify(src/low_cost_robot_arm/launch) by extensions ['colcon_pkg']
[0.610s] Level 1:colcon.colcon_core.package_identification:_identify(src/low_cost_robot_arm/launch) by extension 'colcon_pkg'
[0.610s] Level 1:colcon.colcon_core.package_identification:_identify(src/low_cost_robot_arm/launch) by extensions ['colcon_meta']
[0.610s] Level 1:colcon.colcon_core.package_identification:_identify(src/low_cost_robot_arm/launch) by extension 'colcon_meta'
[0.610s] Level 1:colcon.colcon_core.package_identification:_identify(src/low_cost_robot_arm/launch) by extensions ['ros']
[0.610s] Level 1:colcon.colcon_core.package_identification:_identify(src/low_cost_robot_arm/launch) by extension 'ros'
[0.610s] Level 1:colcon.colcon_core.package_identification:_identify(src/low_cost_robot_arm/launch) by extensions ['cmake', 'python']
[0.610s] Level 1:colcon.colcon_core.package_identification:_identify(src/low_cost_robot_arm/launch) by extension 'cmake'
[0.610s] Level 1:colcon.colcon_core.package_identification:_identify(src/low_cost_robot_arm/launch) by extension 'python'
[0.611s] Level 1:colcon.colcon_core.package_identification:_identify(src/low_cost_robot_arm/launch) by extensions ['python_setup_py']
[0.611s] Level 1:colcon.colcon_core.package_identification:_identify(src/low_cost_robot_arm/launch) by extension 'python_setup_py'
[0.611s] Level 1:colcon.colcon_core.package_identification:_identify(src/mujoco_ros2) by extensions ['ignore', 'ignore_ament_install']
[0.611s] Level 1:colcon.colcon_core.package_identification:_identify(src/mujoco_ros2) by extension 'ignore'
[0.611s] Level 1:colcon.colcon_core.package_identification:_identify(src/mujoco_ros2) by extension 'ignore_ament_install'
[0.611s] Level 1:colcon.colcon_core.package_identification:_identify(src/mujoco_ros2) by extensions ['colcon_pkg']
[0.611s] Level 1:colcon.colcon_core.package_identification:_identify(src/mujoco_ros2) by extension 'colcon_pkg'
[0.611s] Level 1:colcon.colcon_core.package_identification:_identify(src/mujoco_ros2) by extensions ['colcon_meta']
[0.611s] Level 1:colcon.colcon_core.package_identification:_identify(src/mujoco_ros2) by extension 'colcon_meta'
[0.611s] Level 1:colcon.colcon_core.package_identification:_identify(src/mujoco_ros2) by extensions ['ros']
[0.612s] Level 1:colcon.colcon_core.package_identification:_identify(src/mujoco_ros2) by extension 'ros'
[0.618s] DEBUG:colcon.colcon_core.package_identification:Package 'src/mujoco_ros2' with type 'ros.ament_cmake' and name 'mujoco_ros2'
[0.618s] Level 1:colcon.colcon_core.package_identification:_identify(vods) by extensions ['ignore', 'ignore_ament_install']
[0.619s] Level 1:colcon.colcon_core.package_identification:_identify(vods) by extension 'ignore'
[0.619s] Level 1:colcon.colcon_core.package_identification:_identify(vods) by extension 'ignore_ament_install'
[0.619s] Level 1:colcon.colcon_core.package_identification:_identify(vods) by extensions ['colcon_pkg']
[0.619s] Level 1:colcon.colcon_core.package_identification:_identify(vods) by extension 'colcon_pkg'
[0.619s] Level 1:colcon.colcon_core.package_identification:_identify(vods) by extensions ['colcon_meta']
[0.619s] Level 1:colcon.colcon_core.package_identification:_identify(vods) by extension 'colcon_meta'
[0.619s] Level 1:colcon.colcon_core.package_identification:_identify(vods) by extensions ['ros']
[0.619s] Level 1:colcon.colcon_core.package_identification:_identify(vods) by extension 'ros'
[0.619s] Level 1:colcon.colcon_core.package_identification:_identify(vods) by extensions ['cmake', 'python']
[0.619s] Level 1:colcon.colcon_core.package_identification:_identify(vods) by extension 'cmake'
[0.619s] Level 1:colcon.colcon_core.package_identification:_identify(vods) by extension 'python'
[0.620s] Level 1:colcon.colcon_core.package_identification:_identify(vods) by extensions ['python_setup_py']
[0.620s] Level 1:colcon.colcon_core.package_identification:_identify(vods) by extension 'python_setup_py'
[0.620s] Level 1:colcon.colcon_core.package_discovery:discover_packages(recursive) using defaults
[0.620s] Level 1:colcon.colcon_core.package_discovery:discover_packages(ignore) discover
[0.620s] Level 1:colcon.colcon_core.package_discovery:discover_packages(ignore) using defaults
[0.620s] Level 1:colcon.colcon_core.package_discovery:discover_packages(path) discover
[0.620s] Level 1:colcon.colcon_core.package_discovery:discover_packages(path) using defaults
[0.675s] Level 5:colcon.colcon_core.verb:set package 'mujoco_ros2' build argument 'cmake_args' from command line to 'None'
[0.676s] Level 5:colcon.colcon_core.verb:set package 'mujoco_ros2' build argument 'cmake_target' from command line to 'None'
[0.676s] Level 5:colcon.colcon_core.verb:set package 'mujoco_ros2' build argument 'cmake_target_skip_unavailable' from command line to 'False'
[0.676s] Level 5:colcon.colcon_core.verb:set package 'mujoco_ros2' build argument 'cmake_clean_cache' from command line to 'False'
[0.676s] Level 5:colcon.colcon_core.verb:set package 'mujoco_ros2' build argument 'cmake_clean_first' from command line to 'False'
[0.676s] Level 5:colcon.colcon_core.verb:set package 'mujoco_ros2' build argument 'cmake_force_configure' from command line to 'False'
[0.676s] Level 5:colcon.colcon_core.verb:set package 'mujoco_ros2' build argument 'ament_cmake_args' from command line to 'None'
[0.676s] Level 5:colcon.colcon_core.verb:set package 'mujoco_ros2' build argument 'catkin_cmake_args' from command line to 'None'
[0.676s] Level 5:colcon.colcon_core.verb:set package 'mujoco_ros2' build argument 'catkin_skip_building_tests' from command line to 'False'
[0.676s] DEBUG:colcon.colcon_core.verb:Building package 'mujoco_ros2' with the following arguments: {'ament_cmake_args': None, 'build_base': '/home/yahia/Documents/GitHub/robotics/build/mujoco_ros2', 'catkin_cmake_args': None, 'catkin_skip_building_tests': False, 'cmake_args': None, 'cmake_clean_cache': False, 'cmake_clean_first': False, 'cmake_force_configure': False, 'cmake_target': None, 'cmake_target_skip_unavailable': False, 'install_base': '/home/yahia/Documents/GitHub/robotics/install/mujoco_ros2', 'merge_install': False, 'path': '/home/yahia/Documents/GitHub/robotics/src/mujoco_ros2', 'symlink_install': False, 'test_result_base': None}
[0.676s] INFO:colcon.colcon_core.executor:Executing jobs using 'parallel' executor
[0.678s] DEBUG:colcon.colcon_parallel_executor.executor.parallel:run_until_complete
[0.678s] INFO:colcon.colcon_ros.task.ament_cmake.build:Building ROS package in '/home/yahia/Documents/GitHub/robotics/src/mujoco_ros2' with build type 'ament_cmake'
[0.678s] INFO:colcon.colcon_cmake.task.cmake.build:Building CMake package in '/home/yahia/Documents/GitHub/robotics/src/mujoco_ros2'
[0.694s] INFO:colcon.colcon_core.plugin_system:Skipping extension 'colcon_core.shell.bat': Not used on non-Windows systems
[0.695s] DEBUG:colcon.colcon_core.shell:Skip shell extension 'dsv' for command environment
[0.740s] DEBUG:colcon.colcon_core.event_handler.log_command:Invoking command in '/home/yahia/Documents/GitHub/robotics/build/mujoco_ros2': CMAKE_PREFIX_PATH=${CMAKE_PREFIX_PATH}:/opt/ros/jazzy DEBUGINFOD_URLS=https://debuginfod.ubuntu.com /usr/bin/cmake /home/yahia/Documents/GitHub/robotics/src/mujoco_ros2 -DCMAKE_INSTALL_PREFIX=/home/yahia/Documents/GitHub/robotics/install/mujoco_ros2
[3.220s] DEBUG:colcon.colcon_core.event_handler.log_command:Invoked command in '/home/yahia/Documents/GitHub/robotics/build/mujoco_ros2' returned '0': CMAKE_PREFIX_PATH=${CMAKE_PREFIX_PATH}:/opt/ros/jazzy DEBUGINFOD_URLS=https://debuginfod.ubuntu.com /usr/bin/cmake /home/yahia/Documents/GitHub/robotics/src/mujoco_ros2 -DCMAKE_INSTALL_PREFIX=/home/yahia/Documents/GitHub/robotics/install/mujoco_ros2
[3.224s] DEBUG:colcon.colcon_core.event_handler.log_command:Invoking command in '/home/yahia/Documents/GitHub/robotics/build/mujoco_ros2': CMAKE_PREFIX_PATH=${CMAKE_PREFIX_PATH}:/opt/ros/jazzy DEBUGINFOD_URLS=https://debuginfod.ubuntu.com /usr/bin/cmake --build /home/yahia/Documents/GitHub/robotics/build/mujoco_ros2 -- -j8 -l8
[3.624s] DEBUG:colcon.colcon_core.event_handler.log_command:Invoked command in '/home/yahia/Documents/GitHub/robotics/build/mujoco_ros2' returned '0': CMAKE_PREFIX_PATH=${CMAKE_PREFIX_PATH}:/opt/ros/jazzy DEBUGINFOD_URLS=https://debuginfod.ubuntu.com /usr/bin/cmake --build /home/yahia/Documents/GitHub/robotics/build/mujoco_ros2 -- -j8 -l8
[3.670s] DEBUG:colcon.colcon_core.event_handler.log_command:Invoking command in '/home/yahia/Documents/GitHub/robotics/build/mujoco_ros2': CMAKE_PREFIX_PATH=${CMAKE_PREFIX_PATH}:/opt/ros/jazzy DEBUGINFOD_URLS=https://debuginfod.ubuntu.com /usr/bin/cmake --install /home/yahia/Documents/GitHub/robotics/build/mujoco_ros2
[4.235s] Level 1:colcon.colcon_core.environment:create_environment_scripts_only(mujoco_ros2)
[4.236s] DEBUG:colcon.colcon_core.event_handler.log_command:Invoked command in '/home/yahia/Documents/GitHub/robotics/build/mujoco_ros2' returned '0': CMAKE_PREFIX_PATH=${CMAKE_PREFIX_PATH}:/opt/ros/jazzy DEBUGINFOD_URLS=https://debuginfod.ubuntu.com /usr/bin/cmake --install /home/yahia/Documents/GitHub/robotics/build/mujoco_ros2
[4.261s] Level 1:colcon.colcon_core.environment:checking '/home/yahia/Documents/GitHub/robotics/install/mujoco_ros2' for CMake module files
[4.264s] Level 1:colcon.colcon_core.environment:checking '/home/yahia/Documents/GitHub/robotics/install/mujoco_ros2' for CMake config files
[4.266s] Level 1:colcon.colcon_core.shell:create_environment_hook('mujoco_ros2', 'cmake_prefix_path')
[4.266s] INFO:colcon.colcon_core.shell:Creating environment descriptor '/home/yahia/Documents/GitHub/robotics/install/mujoco_ros2/share/mujoco_ros2/hook/cmake_prefix_path.dsv'
[4.269s] INFO:colcon.colcon_core.shell:Creating environment hook '/home/yahia/Documents/GitHub/robotics/install/mujoco_ros2/share/mujoco_ros2/hook/cmake_prefix_path.sh'
[4.273s] Level 1:colcon.colcon_core.environment:checking '/home/yahia/Documents/GitHub/robotics/install/mujoco_ros2/lib'
[4.273s] Level 1:colcon.colcon_core.environment:checking '/home/yahia/Documents/GitHub/robotics/install/mujoco_ros2/bin'
[4.274s] Level 1:colcon.colcon_core.environment:checking '/home/yahia/Documents/GitHub/robotics/install/mujoco_ros2/lib/pkgconfig/mujoco_ros2.pc'
[4.281s] Level 1:colcon.colcon_core.environment:checking '/home/yahia/Documents/GitHub/robotics/install/mujoco_ros2/lib/python3.12/site-packages'
[4.282s] Level 1:colcon.colcon_core.environment:checking '/home/yahia/Documents/GitHub/robotics/install/mujoco_ros2/bin'
[4.283s] INFO:colcon.colcon_core.shell:Creating package descriptor '/home/yahia/Documents/GitHub/robotics/install/mujoco_ros2/share/mujoco_ros2/package.dsv'
[4.286s] INFO:colcon.colcon_core.shell:Creating package script '/home/yahia/Documents/GitHub/robotics/install/mujoco_ros2/share/mujoco_ros2/package.sh'
[4.289s] INFO:colcon.colcon_core.shell:Creating package script '/home/yahia/Documents/GitHub/robotics/install/mujoco_ros2/share/mujoco_ros2/package.bash'
[4.293s] INFO:colcon.colcon_core.shell:Creating package script '/home/yahia/Documents/GitHub/robotics/install/mujoco_ros2/share/mujoco_ros2/package.zsh'
[4.297s] Level 1:colcon.colcon_core.environment:create_file_with_runtime_dependencies(/home/yahia/Documents/GitHub/robotics/install/mujoco_ros2/share/colcon-core/packages/mujoco_ros2)
[4.299s] Level 1:colcon.colcon_core.environment:create_environment_scripts_only(mujoco_ros2)
[4.299s] Level 1:colcon.colcon_core.environment:checking '/home/yahia/Documents/GitHub/robotics/install/mujoco_ros2' for CMake module files
[4.301s] Level 1:colcon.colcon_core.environment:checking '/home/yahia/Documents/GitHub/robotics/install/mujoco_ros2' for CMake config files
[4.303s] Level 1:colcon.colcon_core.shell:create_environment_hook('mujoco_ros2', 'cmake_prefix_path')
[4.304s] INFO:colcon.colcon_core.shell:Creating environment descriptor '/home/yahia/Documents/GitHub/robotics/install/mujoco_ros2/share/mujoco_ros2/hook/cmake_prefix_path.dsv'
[4.305s] INFO:colcon.colcon_core.shell:Creating environment hook '/home/yahia/Documents/GitHub/robotics/install/mujoco_ros2/share/mujoco_ros2/hook/cmake_prefix_path.sh'
[4.308s] Level 1:colcon.colcon_core.environment:checking '/home/yahia/Documents/GitHub/robotics/install/mujoco_ros2/lib'
[4.308s] Level 1:colcon.colcon_core.environment:checking '/home/yahia/Documents/GitHub/robotics/install/mujoco_ros2/bin'
[4.308s] Level 1:colcon.colcon_core.environment:checking '/home/yahia/Documents/GitHub/robotics/install/mujoco_ros2/lib/pkgconfig/mujoco_ros2.pc'
[4.310s] Level 1:colcon.colcon_core.environment:checking '/home/yahia/Documents/GitHub/robotics/install/mujoco_ros2/lib/python3.12/site-packages'
[4.311s] Level 1:colcon.colcon_core.environment:checking '/home/yahia/Documents/GitHub/robotics/install/mujoco_ros2/bin'
[4.312s] INFO:colcon.colcon_core.shell:Creating package descriptor '/home/yahia/Documents/GitHub/robotics/install/mujoco_ros2/share/mujoco_ros2/package.dsv'
[4.314s] INFO:colcon.colcon_core.shell:Creating package script '/home/yahia/Documents/GitHub/robotics/install/mujoco_ros2/share/mujoco_ros2/package.sh'
[4.315s] INFO:colcon.colcon_core.shell:Creating package script '/home/yahia/Documents/GitHub/robotics/install/mujoco_ros2/share/mujoco_ros2/package.bash'
[4.317s] INFO:colcon.colcon_core.shell:Creating package script '/home/yahia/Documents/GitHub/robotics/install/mujoco_ros2/share/mujoco_ros2/package.zsh'
[4.319s] Level 1:colcon.colcon_core.environment:create_file_with_runtime_dependencies(/home/yahia/Documents/GitHub/robotics/install/mujoco_ros2/share/colcon-core/packages/mujoco_ros2)
[4.320s] DEBUG:colcon.colcon_parallel_executor.executor.parallel:closing loop
[4.322s] DEBUG:colcon.colcon_parallel_executor.executor.parallel:loop closed
[4.322s] DEBUG:colcon.colcon_parallel_executor.executor.parallel:run_until_complete finished with '0'
[4.322s] DEBUG:colcon.colcon_core.event_reactor:joining thread
[4.367s] INFO:colcon.colcon_core.plugin_system:Skipping extension 'colcon_notification.desktop_notification.terminal_notifier': Not used on non-Darwin systems
[4.367s] INFO:colcon.colcon_core.plugin_system:Skipping extension 'colcon_notification.desktop_notification.win32': Not used on non-Windows systems
[4.368s] INFO:colcon.colcon_notification.desktop_notification:Sending desktop notification using 'notify2'
[4.478s] DEBUG:colcon.colcon_core.event_reactor:joined thread
[4.480s] INFO:colcon.colcon_core.shell:Creating prefix script '/home/yahia/Documents/GitHub/robotics/install/local_setup.sh'
[4.485s] INFO:colcon.colcon_core.shell:Creating prefix util module '/home/yahia/Documents/GitHub/robotics/install/_local_setup_util_sh.py'
[4.496s] INFO:colcon.colcon_core.shell:Creating prefix chain script '/home/yahia/Documents/GitHub/robotics/install/setup.sh'
[4.502s] INFO:colcon.colcon_core.shell:Creating prefix script '/home/yahia/Documents/GitHub/robotics/install/local_setup.bash'
[4.505s] INFO:colcon.colcon_core.shell:Creating prefix chain script '/home/yahia/Documents/GitHub/robotics/install/setup.bash'
[4.513s] INFO:colcon.colcon_core.shell:Creating prefix script '/home/yahia/Documents/GitHub/robotics/install/local_setup.zsh'
[4.517s] INFO:colcon.colcon_core.shell:Creating prefix chain script '/home/yahia/Documents/GitHub/robotics/install/setup.zsh'
