[0.028s] Invoking command in '/home/yahia/Documents/GitHub/robotics/build/mujoco_ros2': CMAKE_PREFIX_PATH=${CMAKE_PREFIX_PATH}:/home/yahia/Documents/GitHub/robotics/install/mujoco_arm_demo:/opt/ros/jazzy DEBUGINFOD_URLS=https://debuginfod.ubuntu.com /usr/bin/cmake --build /home/yahia/Documents/GitHub/robotics/build/mujoco_ros2 -- -j8 -l8
[0.202s] [100%] Built target mujoco_node
[0.250s] Invoked command in '/home/yahia/Documents/GitHub/robotics/build/mujoco_ros2' returned '0': CMAKE_PREFIX_PATH=${CMAKE_PREFIX_PATH}:/home/yahia/Documents/GitHub/robotics/install/mujoco_arm_demo:/opt/ros/jazzy DEBUGINFOD_URLS=https://debuginfod.ubuntu.com /usr/bin/cmake --build /home/yahia/Documents/GitHub/robotics/build/mujoco_ros2 -- -j8 -l8
[0.289s] Invoking command in '/home/yahia/Documents/GitHub/robotics/build/mujoco_ros2': CMAKE_PREFIX_PATH=${CMAKE_PREFIX_PATH}:/home/yahia/Documents/GitHub/robotics/install/mujoco_arm_demo:/opt/ros/jazzy DEBUGINFOD_URLS=https://debuginfod.ubuntu.com /usr/bin/cmake --install /home/yahia/Documents/GitHub/robotics/build/mujoco_ros2
[0.319s] -- Install configuration: ""
[0.321s] -- Execute custom install script
[0.323s] -- Up-to-date symlink: /home/yahia/Documents/GitHub/robotics/install/mujoco_ros2/lib/mujoco_ros2/mujoco_node
[0.324s] -- Up-to-date symlink: /home/yahia/Documents/GitHub/robotics/install/mujoco_ros2/share/mujoco_ros2/launch/example.py
[0.327s] -- Up-to-date symlink: /home/yahia/Documents/GitHub/robotics/install/mujoco_ros2/share/mujoco_ros2/model/assets/base_link.stl
[0.327s] -- Up-to-date symlink: /home/yahia/Documents/GitHub/robotics/install/mujoco_ros2/share/mujoco_ros2/model/assets/base_link_collision.stl
[0.328s] -- Up-to-date symlink: /home/yahia/Documents/GitHub/robotics/install/mujoco_ros2/share/mujoco_ros2/model/assets/base_link_motor.stl
[0.328s] -- Up-to-date symlink: /home/yahia/Documents/GitHub/robotics/install/mujoco_ros2/share/mujoco_ros2/model/assets/elbow_to_wrist.stl
[0.328s] -- Up-to-date symlink: /home/yahia/Documents/GitHub/robotics/install/mujoco_ros2/share/mujoco_ros2/model/assets/elbow_to_wrist_collision.stl
[0.329s] -- Up-to-date symlink: /home/yahia/Documents/GitHub/robotics/install/mujoco_ros2/share/mujoco_ros2/model/assets/elbow_to_wrist_extension.stl
[0.329s] -- Up-to-date symlink: /home/yahia/Documents/GitHub/robotics/install/mujoco_ros2/share/mujoco_ros2/model/assets/elbow_to_wrist_extension_collision.stl
[0.329s] -- Up-to-date symlink: /home/yahia/Documents/GitHub/robotics/install/mujoco_ros2/share/mujoco_ros2/model/assets/elbow_to_wrist_extension_motor.stl
[0.330s] -- Up-to-date symlink: /home/yahia/Documents/GitHub/robotics/install/mujoco_ros2/share/mujoco_ros2/model/assets/elbow_to_wrist_motor.stl
[0.330s] -- Up-to-date symlink: /home/yahia/Documents/GitHub/robotics/install/mujoco_ros2/share/mujoco_ros2/model/assets/gripper_moving_finger.stl
[0.330s] -- Up-to-date symlink: /home/yahia/Documents/GitHub/robotics/install/mujoco_ros2/share/mujoco_ros2/model/assets/gripper_moving_finger_collision_1.stl
[0.331s] -- Up-to-date symlink: /home/yahia/Documents/GitHub/robotics/install/mujoco_ros2/share/mujoco_ros2/model/assets/gripper_moving_finger_collision_2.stl
[0.331s] -- Up-to-date symlink: /home/yahia/Documents/GitHub/robotics/install/mujoco_ros2/share/mujoco_ros2/model/assets/gripper_static_finger.stl
[0.331s] -- Up-to-date symlink: /home/yahia/Documents/GitHub/robotics/install/mujoco_ros2/share/mujoco_ros2/model/assets/gripper_static_finger_collision_1.stl
[0.332s] -- Up-to-date symlink: /home/yahia/Documents/GitHub/robotics/install/mujoco_ros2/share/mujoco_ros2/model/assets/gripper_static_finger_collision_2.stl
[0.332s] -- Up-to-date symlink: /home/yahia/Documents/GitHub/robotics/install/mujoco_ros2/share/mujoco_ros2/model/assets/gripper_static_finger_motor.stl
[0.332s] -- Up-to-date symlink: /home/yahia/Documents/GitHub/robotics/install/mujoco_ros2/share/mujoco_ros2/model/assets/shoulder_rotation.stl
[0.333s] -- Up-to-date symlink: /home/yahia/Documents/GitHub/robotics/install/mujoco_ros2/share/mujoco_ros2/model/assets/shoulder_rotation_collision.stl
[0.333s] -- Up-to-date symlink: /home/yahia/Documents/GitHub/robotics/install/mujoco_ros2/share/mujoco_ros2/model/assets/shoulder_rotation_motor.stl
[0.334s] -- Up-to-date symlink: /home/yahia/Documents/GitHub/robotics/install/mujoco_ros2/share/mujoco_ros2/model/assets/shoulder_to_elbow.stl
[0.334s] -- Up-to-date symlink: /home/yahia/Documents/GitHub/robotics/install/mujoco_ros2/share/mujoco_ros2/model/assets/shoulder_to_elbow_collision.stl
[0.334s] -- Up-to-date symlink: /home/yahia/Documents/GitHub/robotics/install/mujoco_ros2/share/mujoco_ros2/model/assets/shoulder_to_elbow_motor.stl
[0.335s] -- Up-to-date symlink: /home/yahia/Documents/GitHub/robotics/install/mujoco_ros2/share/mujoco_ros2/model/low_cost_robot_arm.xml
[0.335s] -- Up-to-date symlink: /home/yahia/Documents/GitHub/robotics/install/mujoco_ros2/share/mujoco_ros2/model/scene.xml
[0.335s] -- Up-to-date symlink: /home/yahia/Documents/GitHub/robotics/install/mujoco_ros2/share/mujoco_ros2/model/two_link_planar.xml
[0.336s] -- Up-to-date symlink: /home/yahia/Documents/GitHub/robotics/install/mujoco_ros2/share/ament_index/resource_index/package_run_dependencies/mujoco_ros2
[0.336s] -- Up-to-date symlink: /home/yahia/Documents/GitHub/robotics/install/mujoco_ros2/share/ament_index/resource_index/parent_prefix_path/mujoco_ros2
[0.337s] -- Up-to-date symlink: /home/yahia/Documents/GitHub/robotics/install/mujoco_ros2/share/mujoco_ros2/environment/ament_prefix_path.sh
[0.337s] -- Up-to-date symlink: /home/yahia/Documents/GitHub/robotics/install/mujoco_ros2/share/mujoco_ros2/environment/ament_prefix_path.dsv
[0.338s] -- Up-to-date symlink: /home/yahia/Documents/GitHub/robotics/install/mujoco_ros2/share/mujoco_ros2/environment/path.sh
[0.338s] -- Up-to-date symlink: /home/yahia/Documents/GitHub/robotics/install/mujoco_ros2/share/mujoco_ros2/environment/path.dsv
[0.338s] -- Up-to-date symlink: /home/yahia/Documents/GitHub/robotics/install/mujoco_ros2/share/mujoco_ros2/local_setup.bash
[0.339s] -- Up-to-date symlink: /home/yahia/Documents/GitHub/robotics/install/mujoco_ros2/share/mujoco_ros2/local_setup.sh
[0.339s] -- Up-to-date symlink: /home/yahia/Documents/GitHub/robotics/install/mujoco_ros2/share/mujoco_ros2/local_setup.zsh
[0.339s] -- Up-to-date symlink: /home/yahia/Documents/GitHub/robotics/install/mujoco_ros2/share/mujoco_ros2/local_setup.dsv
[0.340s] -- Symlinking: /home/yahia/Documents/GitHub/robotics/install/mujoco_ros2/share/mujoco_ros2/package.dsv
[0.360s] -- Up-to-date symlink: /home/yahia/Documents/GitHub/robotics/install/mujoco_ros2/share/ament_index/resource_index/packages/mujoco_ros2
[0.360s] -- Up-to-date symlink: /home/yahia/Documents/GitHub/robotics/install/mujoco_ros2/share/mujoco_ros2/cmake/mujoco_ros2Config.cmake
[0.361s] -- Up-to-date symlink: /home/yahia/Documents/GitHub/robotics/install/mujoco_ros2/share/mujoco_ros2/cmake/mujoco_ros2Config-version.cmake
[0.361s] -- Up-to-date symlink: /home/yahia/Documents/GitHub/robotics/install/mujoco_ros2/share/mujoco_ros2/package.xml
[0.366s] Invoked command in '/home/yahia/Documents/GitHub/robotics/build/mujoco_ros2' returned '0': CMAKE_PREFIX_PATH=${CMAKE_PREFIX_PATH}:/home/yahia/Documents/GitHub/robotics/install/mujoco_arm_demo:/opt/ros/jazzy DEBUGINFOD_URLS=https://debuginfod.ubuntu.com /usr/bin/cmake --install /home/yahia/Documents/GitHub/robotics/build/mujoco_ros2
