[0.023s] Invoking command in '/home/yahia/Documents/GitHub/robotics/build/mujoco_ros2': CMAKE_PREFIX_PATH=${CMAKE_PREFIX_PATH}:/opt/ros/jazzy DEBUGINFOD_URLS=https://debuginfod.ubuntu.com /usr/bin/cmake --build /home/yahia/Documents/GitHub/robotics/build/mujoco_ros2 -- -j8 -l8
[0.233s] [100%] Built target mujoco_node
[0.286s] Invoked command in '/home/yahia/Documents/GitHub/robotics/build/mujoco_ros2' returned '0': CMAKE_PREFIX_PATH=${CMAKE_PREFIX_PATH}:/opt/ros/jazzy DEBUGINFOD_URLS=https://debuginfod.ubuntu.com /usr/bin/cmake --build /home/yahia/Documents/GitHub/robotics/build/mujoco_ros2 -- -j8 -l8
[0.332s] Invoking command in '/home/yahia/Documents/GitHub/robotics/build/mujoco_ros2': CMAKE_PREFIX_PATH=${CMAKE_PREFIX_PATH}:/opt/ros/jazzy DEBUGINFOD_URLS=https://debuginfod.ubuntu.com /usr/bin/cmake --install /home/yahia/Documents/GitHub/robotics/build/mujoco_ros2
[0.366s] -- Install configuration: ""
[0.368s] -- Execute custom install script
[0.369s] -- Up-to-date symlink: /home/yahia/Documents/GitHub/robotics/install/mujoco_ros2/lib/mujoco_ros2/mujoco_node
[0.371s] -- Up-to-date symlink: /home/yahia/Documents/GitHub/robotics/install/mujoco_ros2/share/mujoco_ros2/launch/example.py
[0.374s] -- Up-to-date symlink: /home/yahia/Documents/GitHub/robotics/install/mujoco_ros2/share/mujoco_ros2/model/assets/base_link.stl
[0.375s] -- Up-to-date symlink: /home/yahia/Documents/GitHub/robotics/install/mujoco_ros2/share/mujoco_ros2/model/assets/base_link_collision.stl
[0.376s] -- Up-to-date symlink: /home/yahia/Documents/GitHub/robotics/install/mujoco_ros2/share/mujoco_ros2/model/assets/base_link_motor.stl
[0.376s] -- Up-to-date symlink: /home/yahia/Documents/GitHub/robotics/install/mujoco_ros2/share/mujoco_ros2/model/assets/elbow_to_wrist.stl
[0.377s] -- Up-to-date symlink: /home/yahia/Documents/GitHub/robotics/install/mujoco_ros2/share/mujoco_ros2/model/assets/elbow_to_wrist_collision.stl
[0.378s] -- Up-to-date symlink: /home/yahia/Documents/GitHub/robotics/install/mujoco_ros2/share/mujoco_ros2/model/assets/elbow_to_wrist_extension.stl
[0.378s] -- Up-to-date symlink: /home/yahia/Documents/GitHub/robotics/install/mujoco_ros2/share/mujoco_ros2/model/assets/elbow_to_wrist_extension_collision.stl
[0.379s] -- Up-to-date symlink: /home/yahia/Documents/GitHub/robotics/install/mujoco_ros2/share/mujoco_ros2/model/assets/elbow_to_wrist_extension_motor.stl
[0.380s] -- Up-to-date symlink: /home/yahia/Documents/GitHub/robotics/install/mujoco_ros2/share/mujoco_ros2/model/assets/elbow_to_wrist_motor.stl
[0.380s] -- Up-to-date symlink: /home/yahia/Documents/GitHub/robotics/install/mujoco_ros2/share/mujoco_ros2/model/assets/gripper_moving_finger.stl
[0.381s] -- Up-to-date symlink: /home/yahia/Documents/GitHub/robotics/install/mujoco_ros2/share/mujoco_ros2/model/assets/gripper_moving_finger_collision_1.stl
[0.381s] -- Up-to-date symlink: /home/yahia/Documents/GitHub/robotics/install/mujoco_ros2/share/mujoco_ros2/model/assets/gripper_moving_finger_collision_2.stl
[0.382s] -- Up-to-date symlink: /home/yahia/Documents/GitHub/robotics/install/mujoco_ros2/share/mujoco_ros2/model/assets/gripper_static_finger.stl
[0.382s] -- Up-to-date symlink: /home/yahia/Documents/GitHub/robotics/install/mujoco_ros2/share/mujoco_ros2/model/assets/gripper_static_finger_collision_1.stl
[0.383s] -- Up-to-date symlink: /home/yahia/Documents/GitHub/robotics/install/mujoco_ros2/share/mujoco_ros2/model/assets/gripper_static_finger_collision_2.stl
[0.383s] -- Up-to-date symlink: /home/yahia/Documents/GitHub/robotics/install/mujoco_ros2/share/mujoco_ros2/model/assets/gripper_static_finger_motor.stl
[0.384s] -- Up-to-date symlink: /home/yahia/Documents/GitHub/robotics/install/mujoco_ros2/share/mujoco_ros2/model/assets/shoulder_rotation.stl
[0.385s] -- Up-to-date symlink: /home/yahia/Documents/GitHub/robotics/install/mujoco_ros2/share/mujoco_ros2/model/assets/shoulder_rotation_collision.stl
[0.385s] -- Up-to-date symlink: /home/yahia/Documents/GitHub/robotics/install/mujoco_ros2/share/mujoco_ros2/model/assets/shoulder_rotation_motor.stl
[0.386s] -- Up-to-date symlink: /home/yahia/Documents/GitHub/robotics/install/mujoco_ros2/share/mujoco_ros2/model/assets/shoulder_to_elbow.stl
[0.387s] -- Up-to-date symlink: /home/yahia/Documents/GitHub/robotics/install/mujoco_ros2/share/mujoco_ros2/model/assets/shoulder_to_elbow_collision.stl
[0.387s] -- Up-to-date symlink: /home/yahia/Documents/GitHub/robotics/install/mujoco_ros2/share/mujoco_ros2/model/assets/shoulder_to_elbow_motor.stl
[0.388s] -- Up-to-date symlink: /home/yahia/Documents/GitHub/robotics/install/mujoco_ros2/share/mujoco_ros2/model/low_cost_robot_arm.xml
[0.388s] -- Up-to-date symlink: /home/yahia/Documents/GitHub/robotics/install/mujoco_ros2/share/mujoco_ros2/model/scene.xml
[0.389s] -- Up-to-date symlink: /home/yahia/Documents/GitHub/robotics/install/mujoco_ros2/share/mujoco_ros2/model/two_link_planar.xml
[0.390s] -- Up-to-date symlink: /home/yahia/Documents/GitHub/robotics/install/mujoco_ros2/share/ament_index/resource_index/package_run_dependencies/mujoco_ros2
[0.390s] -- Up-to-date symlink: /home/yahia/Documents/GitHub/robotics/install/mujoco_ros2/share/ament_index/resource_index/parent_prefix_path/mujoco_ros2
[0.392s] -- Up-to-date symlink: /home/yahia/Documents/GitHub/robotics/install/mujoco_ros2/share/mujoco_ros2/environment/ament_prefix_path.sh
[0.392s] -- Up-to-date symlink: /home/yahia/Documents/GitHub/robotics/install/mujoco_ros2/share/mujoco_ros2/environment/ament_prefix_path.dsv
[0.393s] -- Up-to-date symlink: /home/yahia/Documents/GitHub/robotics/install/mujoco_ros2/share/mujoco_ros2/environment/path.sh
[0.394s] -- Up-to-date symlink: /home/yahia/Documents/GitHub/robotics/install/mujoco_ros2/share/mujoco_ros2/environment/path.dsv
[0.395s] -- Up-to-date symlink: /home/yahia/Documents/GitHub/robotics/install/mujoco_ros2/share/mujoco_ros2/local_setup.bash
[0.396s] -- Up-to-date symlink: /home/yahia/Documents/GitHub/robotics/install/mujoco_ros2/share/mujoco_ros2/local_setup.sh
[0.397s] -- Up-to-date symlink: /home/yahia/Documents/GitHub/robotics/install/mujoco_ros2/share/mujoco_ros2/local_setup.zsh
[0.398s] -- Up-to-date symlink: /home/yahia/Documents/GitHub/robotics/install/mujoco_ros2/share/mujoco_ros2/local_setup.dsv
[0.398s] -- Symlinking: /home/yahia/Documents/GitHub/robotics/install/mujoco_ros2/share/mujoco_ros2/package.dsv
[0.449s] -- Up-to-date symlink: /home/yahia/Documents/GitHub/robotics/install/mujoco_ros2/share/ament_index/resource_index/packages/mujoco_ros2
[0.450s] -- Up-to-date symlink: /home/yahia/Documents/GitHub/robotics/install/mujoco_ros2/share/mujoco_ros2/cmake/mujoco_ros2Config.cmake
[0.451s] -- Up-to-date symlink: /home/yahia/Documents/GitHub/robotics/install/mujoco_ros2/share/mujoco_ros2/cmake/mujoco_ros2Config-version.cmake
[0.453s] -- Up-to-date symlink: /home/yahia/Documents/GitHub/robotics/install/mujoco_ros2/share/mujoco_ros2/package.xml
[0.463s] Invoked command in '/home/yahia/Documents/GitHub/robotics/build/mujoco_ros2' returned '0': CMAKE_PREFIX_PATH=${CMAKE_PREFIX_PATH}:/opt/ros/jazzy DEBUGINFOD_URLS=https://debuginfod.ubuntu.com /usr/bin/cmake --install /home/yahia/Documents/GitHub/robotics/build/mujoco_ros2
