[0.277s] DEBUG:colcon:Command line arguments: ['/usr/bin/colcon', 'build', '--packages-select', 'mujoco_ros2']
[0.277s] DEBUG:colcon:Parsed command line arguments: Namespace(log_base=None, log_level=None, verb_name='build', build_base='build', install_base='install', merge_install=False, symlink_install=False, test_result_base=None, continue_on_error=False, executor='parallel', parallel_workers=8, event_handlers=None, ignore_user_meta=False, metas=['./colcon.meta'], base_paths=['.'], packages_ignore=None, packages_ignore_regex=None, paths=None, packages_up_to=None, packages_up_to_regex=None, packages_above=None, packages_above_and_dependencies=None, packages_above_depth=None, packages_select_by_dep=None, packages_skip_by_dep=None, packages_skip_up_to=None, packages_select_build_failed=False, packages_skip_build_finished=False, packages_select_test_failures=False, packages_skip_test_passed=False, packages_select=['mujoco_ros2'], packages_skip=None, packages_select_regex=None, packages_skip_regex=None, packages_start=None, packages_end=None, cmake_args=None, cmake_target=None, cmake_target_skip_unavailable=False, cmake_clean_cache=False, cmake_clean_first=False, cmake_force_configure=False, ament_cmake_args=None, catkin_cmake_args=None, catkin_skip_building_tests=False, verb_parser=<colcon_defaults.argument_parser.defaults.DefaultArgumentsDecorator object at 0x70370150d6d0>, verb_extension=<colcon_core.verb.build.BuildVerb object at 0x703701f9a5a0>, main=<bound method BuildVerb.main of <colcon_core.verb.build.BuildVerb object at 0x703701f9a5a0>>)
[0.391s] Level 1:colcon.colcon_core.package_discovery:discover_packages(colcon_meta) check parameters
[0.391s] Level 1:colcon.colcon_core.package_discovery:discover_packages(recursive) check parameters
[0.391s] Level 1:colcon.colcon_core.package_discovery:discover_packages(ignore) check parameters
[0.391s] Level 1:colcon.colcon_core.package_discovery:discover_packages(path) check parameters
[0.391s] Level 1:colcon.colcon_core.package_discovery:discover_packages(colcon_meta) discover
[0.392s] Level 1:colcon.colcon_core.package_discovery:discover_packages(recursive) discover
[0.392s] INFO:colcon.colcon_core.package_discovery:Crawling recursively for packages in '/home/yahia/Documents/GitHub/robotics'
[0.392s] Level 1:colcon.colcon_core.package_identification:_identify(.) by extensions ['ignore', 'ignore_ament_install']
[0.392s] Level 1:colcon.colcon_core.package_identification:_identify(.) by extension 'ignore'
[0.392s] Level 1:colcon.colcon_core.package_identification:_identify(.) by extension 'ignore_ament_install'
[0.392s] Level 1:colcon.colcon_core.package_identification:_identify(.) by extensions ['colcon_pkg']
[0.392s] Level 1:colcon.colcon_core.package_identification:_identify(.) by extension 'colcon_pkg'
[0.392s] Level 1:colcon.colcon_core.package_identification:_identify(.) by extensions ['colcon_meta']
[0.392s] Level 1:colcon.colcon_core.package_identification:_identify(.) by extension 'colcon_meta'
[0.392s] Level 1:colcon.colcon_core.package_identification:_identify(.) by extensions ['ros']
[0.392s] Level 1:colcon.colcon_core.package_identification:_identify(.) by extension 'ros'
[0.433s] Level 1:colcon.colcon_core.package_identification:_identify(.) by extensions ['cmake', 'python']
[0.433s] Level 1:colcon.colcon_core.package_identification:_identify(.) by extension 'cmake'
[0.433s] Level 1:colcon.colcon_core.package_identification:_identify(.) by extension 'python'
[0.433s] Level 1:colcon.colcon_core.package_identification:_identify(.) by extensions ['python_setup_py']
[0.433s] Level 1:colcon.colcon_core.package_identification:_identify(.) by extension 'python_setup_py'
[0.434s] Level 1:colcon.colcon_core.package_identification:_identify(build) by extensions ['ignore', 'ignore_ament_install']
[0.434s] Level 1:colcon.colcon_core.package_identification:_identify(build) by extension 'ignore'
[0.434s] Level 1:colcon.colcon_core.package_identification:_identify(build) ignored
[0.434s] Level 1:colcon.colcon_core.package_identification:_identify(docs) by extensions ['ignore', 'ignore_ament_install']
[0.434s] Level 1:colcon.colcon_core.package_identification:_identify(docs) by extension 'ignore'
[0.434s] Level 1:colcon.colcon_core.package_identification:_identify(docs) by extension 'ignore_ament_install'
[0.434s] Level 1:colcon.colcon_core.package_identification:_identify(docs) by extensions ['colcon_pkg']
[0.434s] Level 1:colcon.colcon_core.package_identification:_identify(docs) by extension 'colcon_pkg'
[0.435s] Level 1:colcon.colcon_core.package_identification:_identify(docs) by extensions ['colcon_meta']
[0.435s] Level 1:colcon.colcon_core.package_identification:_identify(docs) by extension 'colcon_meta'
[0.435s] Level 1:colcon.colcon_core.package_identification:_identify(docs) by extensions ['ros']
[0.435s] Level 1:colcon.colcon_core.package_identification:_identify(docs) by extension 'ros'
[0.435s] Level 1:colcon.colcon_core.package_identification:_identify(docs) by extensions ['cmake', 'python']
[0.435s] Level 1:colcon.colcon_core.package_identification:_identify(docs) by extension 'cmake'
[0.435s] Level 1:colcon.colcon_core.package_identification:_identify(docs) by extension 'python'
[0.435s] Level 1:colcon.colcon_core.package_identification:_identify(docs) by extensions ['python_setup_py']
[0.435s] Level 1:colcon.colcon_core.package_identification:_identify(docs) by extension 'python_setup_py'
[0.436s] Level 1:colcon.colcon_core.package_identification:_identify(install) by extensions ['ignore', 'ignore_ament_install']
[0.436s] Level 1:colcon.colcon_core.package_identification:_identify(install) by extension 'ignore'
[0.436s] Level 1:colcon.colcon_core.package_identification:_identify(install) ignored
[0.436s] Level 1:colcon.colcon_core.package_identification:_identify(log) by extensions ['ignore', 'ignore_ament_install']
[0.436s] Level 1:colcon.colcon_core.package_identification:_identify(log) by extension 'ignore'
[0.436s] Level 1:colcon.colcon_core.package_identification:_identify(log) ignored
[0.436s] Level 1:colcon.colcon_core.package_identification:_identify(ms2) by extensions ['ignore', 'ignore_ament_install']
[0.436s] Level 1:colcon.colcon_core.package_identification:_identify(ms2) by extension 'ignore'
[0.436s] Level 1:colcon.colcon_core.package_identification:_identify(ms2) by extension 'ignore_ament_install'
[0.436s] Level 1:colcon.colcon_core.package_identification:_identify(ms2) by extensions ['colcon_pkg']
[0.436s] Level 1:colcon.colcon_core.package_identification:_identify(ms2) by extension 'colcon_pkg'
[0.436s] Level 1:colcon.colcon_core.package_identification:_identify(ms2) by extensions ['colcon_meta']
[0.436s] Level 1:colcon.colcon_core.package_identification:_identify(ms2) by extension 'colcon_meta'
[0.437s] Level 1:colcon.colcon_core.package_identification:_identify(ms2) by extensions ['ros']
[0.437s] Level 1:colcon.colcon_core.package_identification:_identify(ms2) by extension 'ros'
[0.437s] Level 1:colcon.colcon_core.package_identification:_identify(ms2) by extensions ['cmake', 'python']
[0.437s] Level 1:colcon.colcon_core.package_identification:_identify(ms2) by extension 'cmake'
[0.437s] Level 1:colcon.colcon_core.package_identification:_identify(ms2) by extension 'python'
[0.437s] Level 1:colcon.colcon_core.package_identification:_identify(ms2) by extensions ['python_setup_py']
[0.437s] Level 1:colcon.colcon_core.package_identification:_identify(ms2) by extension 'python_setup_py'
[0.437s] Level 1:colcon.colcon_core.package_identification:_identify(ms3) by extensions ['ignore', 'ignore_ament_install']
[0.437s] Level 1:colcon.colcon_core.package_identification:_identify(ms3) by extension 'ignore'
[0.437s] Level 1:colcon.colcon_core.package_identification:_identify(ms3) by extension 'ignore_ament_install'
[0.437s] Level 1:colcon.colcon_core.package_identification:_identify(ms3) by extensions ['colcon_pkg']
[0.437s] Level 1:colcon.colcon_core.package_identification:_identify(ms3) by extension 'colcon_pkg'
[0.437s] Level 1:colcon.colcon_core.package_identification:_identify(ms3) by extensions ['colcon_meta']
[0.437s] Level 1:colcon.colcon_core.package_identification:_identify(ms3) by extension 'colcon_meta'
[0.437s] Level 1:colcon.colcon_core.package_identification:_identify(ms3) by extensions ['ros']
[0.437s] Level 1:colcon.colcon_core.package_identification:_identify(ms3) by extension 'ros'
[0.437s] Level 1:colcon.colcon_core.package_identification:_identify(ms3) by extensions ['cmake', 'python']
[0.438s] Level 1:colcon.colcon_core.package_identification:_identify(ms3) by extension 'cmake'
[0.438s] Level 1:colcon.colcon_core.package_identification:_identify(ms3) by extension 'python'
[0.438s] Level 1:colcon.colcon_core.package_identification:_identify(ms3) by extensions ['python_setup_py']
[0.438s] Level 1:colcon.colcon_core.package_identification:_identify(ms3) by extension 'python_setup_py'
[0.438s] Level 1:colcon.colcon_core.package_identification:_identify(ms3/Milestone_03) by extensions ['ignore', 'ignore_ament_install']
[0.438s] Level 1:colcon.colcon_core.package_identification:_identify(ms3/Milestone_03) by extension 'ignore'
[0.438s] Level 1:colcon.colcon_core.package_identification:_identify(ms3/Milestone_03) by extension 'ignore_ament_install'
[0.438s] Level 1:colcon.colcon_core.package_identification:_identify(ms3/Milestone_03) by extensions ['colcon_pkg']
[0.438s] Level 1:colcon.colcon_core.package_identification:_identify(ms3/Milestone_03) by extension 'colcon_pkg'
[0.438s] Level 1:colcon.colcon_core.package_identification:_identify(ms3/Milestone_03) by extensions ['colcon_meta']
[0.438s] Level 1:colcon.colcon_core.package_identification:_identify(ms3/Milestone_03) by extension 'colcon_meta'
[0.438s] Level 1:colcon.colcon_core.package_identification:_identify(ms3/Milestone_03) by extensions ['ros']
[0.438s] Level 1:colcon.colcon_core.package_identification:_identify(ms3/Milestone_03) by extension 'ros'
[0.438s] Level 1:colcon.colcon_core.package_identification:_identify(ms3/Milestone_03) by extensions ['cmake', 'python']
[0.438s] Level 1:colcon.colcon_core.package_identification:_identify(ms3/Milestone_03) by extension 'cmake'
[0.438s] Level 1:colcon.colcon_core.package_identification:_identify(ms3/Milestone_03) by extension 'python'
[0.438s] Level 1:colcon.colcon_core.package_identification:_identify(ms3/Milestone_03) by extensions ['python_setup_py']
[0.439s] Level 1:colcon.colcon_core.package_identification:_identify(ms3/Milestone_03) by extension 'python_setup_py'
[0.439s] Level 1:colcon.colcon_core.package_identification:_identify(scripts) by extensions ['ignore', 'ignore_ament_install']
[0.439s] Level 1:colcon.colcon_core.package_identification:_identify(scripts) by extension 'ignore'
[0.439s] Level 1:colcon.colcon_core.package_identification:_identify(scripts) by extension 'ignore_ament_install'
[0.439s] Level 1:colcon.colcon_core.package_identification:_identify(scripts) by extensions ['colcon_pkg']
[0.439s] Level 1:colcon.colcon_core.package_identification:_identify(scripts) by extension 'colcon_pkg'
[0.439s] Level 1:colcon.colcon_core.package_identification:_identify(scripts) by extensions ['colcon_meta']
[0.439s] Level 1:colcon.colcon_core.package_identification:_identify(scripts) by extension 'colcon_meta'
[0.439s] Level 1:colcon.colcon_core.package_identification:_identify(scripts) by extensions ['ros']
[0.439s] Level 1:colcon.colcon_core.package_identification:_identify(scripts) by extension 'ros'
[0.440s] Level 1:colcon.colcon_core.package_identification:_identify(scripts) by extensions ['cmake', 'python']
[0.440s] Level 1:colcon.colcon_core.package_identification:_identify(scripts) by extension 'cmake'
[0.440s] Level 1:colcon.colcon_core.package_identification:_identify(scripts) by extension 'python'
[0.440s] Level 1:colcon.colcon_core.package_identification:_identify(scripts) by extensions ['python_setup_py']
[0.440s] Level 1:colcon.colcon_core.package_identification:_identify(scripts) by extension 'python_setup_py'
[0.440s] Level 1:colcon.colcon_core.package_identification:_identify(src) by extensions ['ignore', 'ignore_ament_install']
[0.440s] Level 1:colcon.colcon_core.package_identification:_identify(src) by extension 'ignore'
[0.440s] Level 1:colcon.colcon_core.package_identification:_identify(src) by extension 'ignore_ament_install'
[0.441s] Level 1:colcon.colcon_core.package_identification:_identify(src) by extensions ['colcon_pkg']
[0.441s] Level 1:colcon.colcon_core.package_identification:_identify(src) by extension 'colcon_pkg'
[0.441s] Level 1:colcon.colcon_core.package_identification:_identify(src) by extensions ['colcon_meta']
[0.441s] Level 1:colcon.colcon_core.package_identification:_identify(src) by extension 'colcon_meta'
[0.441s] Level 1:colcon.colcon_core.package_identification:_identify(src) by extensions ['ros']
[0.441s] Level 1:colcon.colcon_core.package_identification:_identify(src) by extension 'ros'
[0.441s] Level 1:colcon.colcon_core.package_identification:_identify(src) by extensions ['cmake', 'python']
[0.441s] Level 1:colcon.colcon_core.package_identification:_identify(src) by extension 'cmake'
[0.441s] Level 1:colcon.colcon_core.package_identification:_identify(src) by extension 'python'
[0.441s] Level 1:colcon.colcon_core.package_identification:_identify(src) by extensions ['python_setup_py']
[0.441s] Level 1:colcon.colcon_core.package_identification:_identify(src) by extension 'python_setup_py'
[0.441s] Level 1:colcon.colcon_core.package_identification:_identify(src/low_cost_robot_arm) by extensions ['ignore', 'ignore_ament_install']
[0.441s] Level 1:colcon.colcon_core.package_identification:_identify(src/low_cost_robot_arm) by extension 'ignore'
[0.441s] Level 1:colcon.colcon_core.package_identification:_identify(src/low_cost_robot_arm) by extension 'ignore_ament_install'
[0.441s] Level 1:colcon.colcon_core.package_identification:_identify(src/low_cost_robot_arm) by extensions ['colcon_pkg']
[0.441s] Level 1:colcon.colcon_core.package_identification:_identify(src/low_cost_robot_arm) by extension 'colcon_pkg'
[0.441s] Level 1:colcon.colcon_core.package_identification:_identify(src/low_cost_robot_arm) by extensions ['colcon_meta']
[0.441s] Level 1:colcon.colcon_core.package_identification:_identify(src/low_cost_robot_arm) by extension 'colcon_meta'
[0.442s] Level 1:colcon.colcon_core.package_identification:_identify(src/low_cost_robot_arm) by extensions ['ros']
[0.442s] Level 1:colcon.colcon_core.package_identification:_identify(src/low_cost_robot_arm) by extension 'ros'
[0.442s] Level 1:colcon.colcon_core.package_identification:_identify(src/low_cost_robot_arm) by extensions ['cmake', 'python']
[0.442s] Level 1:colcon.colcon_core.package_identification:_identify(src/low_cost_robot_arm) by extension 'cmake'
[0.442s] Level 1:colcon.colcon_core.package_identification:_identify(src/low_cost_robot_arm) by extension 'python'
[0.442s] Level 1:colcon.colcon_core.package_identification:_identify(src/low_cost_robot_arm) by extensions ['python_setup_py']
[0.442s] Level 1:colcon.colcon_core.package_identification:_identify(src/low_cost_robot_arm) by extension 'python_setup_py'
[0.442s] Level 1:colcon.colcon_core.package_identification:_identify(src/low_cost_robot_arm/assets) by extensions ['ignore', 'ignore_ament_install']
[0.442s] Level 1:colcon.colcon_core.package_identification:_identify(src/low_cost_robot_arm/assets) by extension 'ignore'
[0.442s] Level 1:colcon.colcon_core.package_identification:_identify(src/low_cost_robot_arm/assets) by extension 'ignore_ament_install'
[0.442s] Level 1:colcon.colcon_core.package_identification:_identify(src/low_cost_robot_arm/assets) by extensions ['colcon_pkg']
[0.442s] Level 1:colcon.colcon_core.package_identification:_identify(src/low_cost_robot_arm/assets) by extension 'colcon_pkg'
[0.442s] Level 1:colcon.colcon_core.package_identification:_identify(src/low_cost_robot_arm/assets) by extensions ['colcon_meta']
[0.442s] Level 1:colcon.colcon_core.package_identification:_identify(src/low_cost_robot_arm/assets) by extension 'colcon_meta'
[0.442s] Level 1:colcon.colcon_core.package_identification:_identify(src/low_cost_robot_arm/assets) by extensions ['ros']
[0.442s] Level 1:colcon.colcon_core.package_identification:_identify(src/low_cost_robot_arm/assets) by extension 'ros'
[0.443s] Level 1:colcon.colcon_core.package_identification:_identify(src/low_cost_robot_arm/assets) by extensions ['cmake', 'python']
[0.443s] Level 1:colcon.colcon_core.package_identification:_identify(src/low_cost_robot_arm/assets) by extension 'cmake'
[0.443s] Level 1:colcon.colcon_core.package_identification:_identify(src/low_cost_robot_arm/assets) by extension 'python'
[0.443s] Level 1:colcon.colcon_core.package_identification:_identify(src/low_cost_robot_arm/assets) by extensions ['python_setup_py']
[0.443s] Level 1:colcon.colcon_core.package_identification:_identify(src/low_cost_robot_arm/assets) by extension 'python_setup_py'
[0.443s] Level 1:colcon.colcon_core.package_identification:_identify(src/low_cost_robot_arm/launch) by extensions ['ignore', 'ignore_ament_install']
[0.443s] Level 1:colcon.colcon_core.package_identification:_identify(src/low_cost_robot_arm/launch) by extension 'ignore'
[0.443s] Level 1:colcon.colcon_core.package_identification:_identify(src/low_cost_robot_arm/launch) by extension 'ignore_ament_install'
[0.443s] Level 1:colcon.colcon_core.package_identification:_identify(src/low_cost_robot_arm/launch) by extensions ['colcon_pkg']
[0.443s] Level 1:colcon.colcon_core.package_identification:_identify(src/low_cost_robot_arm/launch) by extension 'colcon_pkg'
[0.443s] Level 1:colcon.colcon_core.package_identification:_identify(src/low_cost_robot_arm/launch) by extensions ['colcon_meta']
[0.443s] Level 1:colcon.colcon_core.package_identification:_identify(src/low_cost_robot_arm/launch) by extension 'colcon_meta'
[0.443s] Level 1:colcon.colcon_core.package_identification:_identify(src/low_cost_robot_arm/launch) by extensions ['ros']
[0.443s] Level 1:colcon.colcon_core.package_identification:_identify(src/low_cost_robot_arm/launch) by extension 'ros'
[0.443s] Level 1:colcon.colcon_core.package_identification:_identify(src/low_cost_robot_arm/launch) by extensions ['cmake', 'python']
[0.443s] Level 1:colcon.colcon_core.package_identification:_identify(src/low_cost_robot_arm/launch) by extension 'cmake'
[0.443s] Level 1:colcon.colcon_core.package_identification:_identify(src/low_cost_robot_arm/launch) by extension 'python'
[0.444s] Level 1:colcon.colcon_core.package_identification:_identify(src/low_cost_robot_arm/launch) by extensions ['python_setup_py']
[0.444s] Level 1:colcon.colcon_core.package_identification:_identify(src/low_cost_robot_arm/launch) by extension 'python_setup_py'
[0.444s] Level 1:colcon.colcon_core.package_identification:_identify(src/mujoco_arm_demo) by extensions ['ignore', 'ignore_ament_install']
[0.444s] Level 1:colcon.colcon_core.package_identification:_identify(src/mujoco_arm_demo) by extension 'ignore'
[0.444s] Level 1:colcon.colcon_core.package_identification:_identify(src/mujoco_arm_demo) by extension 'ignore_ament_install'
[0.444s] Level 1:colcon.colcon_core.package_identification:_identify(src/mujoco_arm_demo) by extensions ['colcon_pkg']
[0.444s] Level 1:colcon.colcon_core.package_identification:_identify(src/mujoco_arm_demo) by extension 'colcon_pkg'
[0.444s] Level 1:colcon.colcon_core.package_identification:_identify(src/mujoco_arm_demo) by extensions ['colcon_meta']
[0.444s] Level 1:colcon.colcon_core.package_identification:_identify(src/mujoco_arm_demo) by extension 'colcon_meta'
[0.444s] Level 1:colcon.colcon_core.package_identification:_identify(src/mujoco_arm_demo) by extensions ['ros']
[0.444s] Level 1:colcon.colcon_core.package_identification:_identify(src/mujoco_arm_demo) by extension 'ros'
[0.450s] DEBUG:colcon.colcon_core.package_identification:Package 'src/mujoco_arm_demo' with type 'ros.ament_python' and name 'mujoco_arm_demo'
[0.450s] Level 1:colcon.colcon_core.package_identification:_identify(src/mujoco_ros2) by extensions ['ignore', 'ignore_ament_install']
[0.450s] Level 1:colcon.colcon_core.package_identification:_identify(src/mujoco_ros2) by extension 'ignore'
[0.450s] Level 1:colcon.colcon_core.package_identification:_identify(src/mujoco_ros2) by extension 'ignore_ament_install'
[0.450s] Level 1:colcon.colcon_core.package_identification:_identify(src/mujoco_ros2) by extensions ['colcon_pkg']
[0.450s] Level 1:colcon.colcon_core.package_identification:_identify(src/mujoco_ros2) by extension 'colcon_pkg'
[0.450s] Level 1:colcon.colcon_core.package_identification:_identify(src/mujoco_ros2) by extensions ['colcon_meta']
[0.450s] Level 1:colcon.colcon_core.package_identification:_identify(src/mujoco_ros2) by extension 'colcon_meta'
[0.450s] Level 1:colcon.colcon_core.package_identification:_identify(src/mujoco_ros2) by extensions ['ros']
[0.450s] Level 1:colcon.colcon_core.package_identification:_identify(src/mujoco_ros2) by extension 'ros'
[0.451s] DEBUG:colcon.colcon_core.package_identification:Package 'src/mujoco_ros2' with type 'ros.ament_cmake' and name 'mujoco_ros2'
[0.452s] Level 1:colcon.colcon_core.package_identification:_identify(vods) by extensions ['ignore', 'ignore_ament_install']
[0.452s] Level 1:colcon.colcon_core.package_identification:_identify(vods) by extension 'ignore'
[0.452s] Level 1:colcon.colcon_core.package_identification:_identify(vods) by extension 'ignore_ament_install'
[0.452s] Level 1:colcon.colcon_core.package_identification:_identify(vods) by extensions ['colcon_pkg']
[0.452s] Level 1:colcon.colcon_core.package_identification:_identify(vods) by extension 'colcon_pkg'
[0.452s] Level 1:colcon.colcon_core.package_identification:_identify(vods) by extensions ['colcon_meta']
[0.452s] Level 1:colcon.colcon_core.package_identification:_identify(vods) by extension 'colcon_meta'
[0.452s] Level 1:colcon.colcon_core.package_identification:_identify(vods) by extensions ['ros']
[0.452s] Level 1:colcon.colcon_core.package_identification:_identify(vods) by extension 'ros'
[0.452s] Level 1:colcon.colcon_core.package_identification:_identify(vods) by extensions ['cmake', 'python']
[0.452s] Level 1:colcon.colcon_core.package_identification:_identify(vods) by extension 'cmake'
[0.452s] Level 1:colcon.colcon_core.package_identification:_identify(vods) by extension 'python'
[0.452s] Level 1:colcon.colcon_core.package_identification:_identify(vods) by extensions ['python_setup_py']
[0.452s] Level 1:colcon.colcon_core.package_identification:_identify(vods) by extension 'python_setup_py'
[0.452s] Level 1:colcon.colcon_core.package_discovery:discover_packages(recursive) using defaults
[0.452s] Level 1:colcon.colcon_core.package_discovery:discover_packages(ignore) discover
[0.452s] Level 1:colcon.colcon_core.package_discovery:discover_packages(ignore) using defaults
[0.453s] Level 1:colcon.colcon_core.package_discovery:discover_packages(path) discover
[0.453s] Level 1:colcon.colcon_core.package_discovery:discover_packages(path) using defaults
[0.489s] INFO:colcon.colcon_core.package_selection:Skipping not selected package 'mujoco_arm_demo' in 'src/mujoco_arm_demo'
[0.490s] Level 5:colcon.colcon_core.verb:set package 'mujoco_ros2' build argument 'cmake_args' from command line to 'None'
[0.490s] Level 5:colcon.colcon_core.verb:set package 'mujoco_ros2' build argument 'cmake_target' from command line to 'None'
[0.490s] Level 5:colcon.colcon_core.verb:set package 'mujoco_ros2' build argument 'cmake_target_skip_unavailable' from command line to 'False'
[0.490s] Level 5:colcon.colcon_core.verb:set package 'mujoco_ros2' build argument 'cmake_clean_cache' from command line to 'False'
[0.490s] Level 5:colcon.colcon_core.verb:set package 'mujoco_ros2' build argument 'cmake_clean_first' from command line to 'False'
[0.490s] Level 5:colcon.colcon_core.verb:set package 'mujoco_ros2' build argument 'cmake_force_configure' from command line to 'False'
[0.490s] Level 5:colcon.colcon_core.verb:set package 'mujoco_ros2' build argument 'ament_cmake_args' from command line to 'None'
[0.490s] Level 5:colcon.colcon_core.verb:set package 'mujoco_ros2' build argument 'catkin_cmake_args' from command line to 'None'
[0.490s] Level 5:colcon.colcon_core.verb:set package 'mujoco_ros2' build argument 'catkin_skip_building_tests' from command line to 'False'
[0.490s] DEBUG:colcon.colcon_core.verb:Building package 'mujoco_ros2' with the following arguments: {'ament_cmake_args': None, 'build_base': '/home/yahia/Documents/GitHub/robotics/build/mujoco_ros2', 'catkin_cmake_args': None, 'catkin_skip_building_tests': False, 'cmake_args': None, 'cmake_clean_cache': False, 'cmake_clean_first': False, 'cmake_force_configure': False, 'cmake_target': None, 'cmake_target_skip_unavailable': False, 'install_base': '/home/yahia/Documents/GitHub/robotics/install/mujoco_ros2', 'merge_install': False, 'path': '/home/yahia/Documents/GitHub/robotics/src/mujoco_ros2', 'symlink_install': False, 'test_result_base': None}
[0.490s] INFO:colcon.colcon_core.executor:Executing jobs using 'parallel' executor
[0.491s] DEBUG:colcon.colcon_parallel_executor.executor.parallel:run_until_complete
[0.491s] INFO:colcon.colcon_ros.task.ament_cmake.build:Building ROS package in '/home/yahia/Documents/GitHub/robotics/src/mujoco_ros2' with build type 'ament_cmake'
[0.491s] INFO:colcon.colcon_cmake.task.cmake.build:Building CMake package in '/home/yahia/Documents/GitHub/robotics/src/mujoco_ros2'
[0.502s] INFO:colcon.colcon_core.plugin_system:Skipping extension 'colcon_core.shell.bat': Not used on non-Windows systems
[0.503s] DEBUG:colcon.colcon_core.shell:Skip shell extension 'dsv' for command environment
[0.521s] DEBUG:colcon.colcon_core.event_handler.log_command:Invoking command in '/home/yahia/Documents/GitHub/robotics/build/mujoco_ros2': CMAKE_PREFIX_PATH=${CMAKE_PREFIX_PATH}:/home/yahia/Documents/GitHub/robotics/install/mujoco_arm_demo:/opt/ros/jazzy DEBUGINFOD_URLS=https://debuginfod.ubuntu.com /usr/bin/cmake --build /home/yahia/Documents/GitHub/robotics/build/mujoco_ros2 -- -j8 -l8
[12.231s] DEBUG:colcon.colcon_core.event_handler.log_command:Invoked command in '/home/yahia/Documents/GitHub/robotics/build/mujoco_ros2' returned '0': CMAKE_PREFIX_PATH=${CMAKE_PREFIX_PATH}:/home/yahia/Documents/GitHub/robotics/install/mujoco_arm_demo:/opt/ros/jazzy DEBUGINFOD_URLS=https://debuginfod.ubuntu.com /usr/bin/cmake --build /home/yahia/Documents/GitHub/robotics/build/mujoco_ros2 -- -j8 -l8
[12.246s] DEBUG:colcon.colcon_core.event_handler.log_command:Invoking command in '/home/yahia/Documents/GitHub/robotics/build/mujoco_ros2': CMAKE_PREFIX_PATH=${CMAKE_PREFIX_PATH}:/home/yahia/Documents/GitHub/robotics/install/mujoco_arm_demo:/opt/ros/jazzy DEBUGINFOD_URLS=https://debuginfod.ubuntu.com /usr/bin/cmake --install /home/yahia/Documents/GitHub/robotics/build/mujoco_ros2
[12.300s] Level 1:colcon.colcon_core.environment:create_environment_scripts_only(mujoco_ros2)
[12.301s] DEBUG:colcon.colcon_core.event_handler.log_command:Invoked command in '/home/yahia/Documents/GitHub/robotics/build/mujoco_ros2' returned '0': CMAKE_PREFIX_PATH=${CMAKE_PREFIX_PATH}:/home/yahia/Documents/GitHub/robotics/install/mujoco_arm_demo:/opt/ros/jazzy DEBUGINFOD_URLS=https://debuginfod.ubuntu.com /usr/bin/cmake --install /home/yahia/Documents/GitHub/robotics/build/mujoco_ros2
[12.314s] Level 1:colcon.colcon_core.environment:checking '/home/yahia/Documents/GitHub/robotics/install/mujoco_ros2' for CMake module files
[12.314s] Level 1:colcon.colcon_core.environment:checking '/home/yahia/Documents/GitHub/robotics/install/mujoco_ros2' for CMake config files
[12.315s] Level 1:colcon.colcon_core.shell:create_environment_hook('mujoco_ros2', 'cmake_prefix_path')
[12.315s] INFO:colcon.colcon_core.shell:Creating environment descriptor '/home/yahia/Documents/GitHub/robotics/install/mujoco_ros2/share/mujoco_ros2/hook/cmake_prefix_path.dsv'
[12.316s] INFO:colcon.colcon_core.shell:Creating environment hook '/home/yahia/Documents/GitHub/robotics/install/mujoco_ros2/share/mujoco_ros2/hook/cmake_prefix_path.sh'
[12.318s] Level 1:colcon.colcon_core.environment:checking '/home/yahia/Documents/GitHub/robotics/install/mujoco_ros2/lib'
[12.318s] Level 1:colcon.colcon_core.environment:checking '/home/yahia/Documents/GitHub/robotics/install/mujoco_ros2/bin'
[12.318s] Level 1:colcon.colcon_core.environment:checking '/home/yahia/Documents/GitHub/robotics/install/mujoco_ros2/lib/pkgconfig/mujoco_ros2.pc'
[12.322s] Level 1:colcon.colcon_core.environment:checking '/home/yahia/Documents/GitHub/robotics/install/mujoco_ros2/lib/python3.12/site-packages'
[12.322s] Level 1:colcon.colcon_core.environment:checking '/home/yahia/Documents/GitHub/robotics/install/mujoco_ros2/bin'
[12.322s] INFO:colcon.colcon_core.shell:Creating package descriptor '/home/yahia/Documents/GitHub/robotics/install/mujoco_ros2/share/mujoco_ros2/package.dsv'
[12.323s] INFO:colcon.colcon_core.shell:Creating package script '/home/yahia/Documents/GitHub/robotics/install/mujoco_ros2/share/mujoco_ros2/package.sh'
[12.324s] INFO:colcon.colcon_core.shell:Creating package script '/home/yahia/Documents/GitHub/robotics/install/mujoco_ros2/share/mujoco_ros2/package.bash'
[12.326s] INFO:colcon.colcon_core.shell:Creating package script '/home/yahia/Documents/GitHub/robotics/install/mujoco_ros2/share/mujoco_ros2/package.zsh'
[12.328s] Level 1:colcon.colcon_core.environment:create_file_with_runtime_dependencies(/home/yahia/Documents/GitHub/robotics/install/mujoco_ros2/share/colcon-core/packages/mujoco_ros2)
[12.328s] Level 1:colcon.colcon_core.environment:create_environment_scripts_only(mujoco_ros2)
[12.328s] Level 1:colcon.colcon_core.environment:checking '/home/yahia/Documents/GitHub/robotics/install/mujoco_ros2' for CMake module files
[12.329s] Level 1:colcon.colcon_core.environment:checking '/home/yahia/Documents/GitHub/robotics/install/mujoco_ros2' for CMake config files
[12.330s] Level 1:colcon.colcon_core.shell:create_environment_hook('mujoco_ros2', 'cmake_prefix_path')
[12.330s] INFO:colcon.colcon_core.shell:Creating environment descriptor '/home/yahia/Documents/GitHub/robotics/install/mujoco_ros2/share/mujoco_ros2/hook/cmake_prefix_path.dsv'
[12.330s] INFO:colcon.colcon_core.shell:Creating environment hook '/home/yahia/Documents/GitHub/robotics/install/mujoco_ros2/share/mujoco_ros2/hook/cmake_prefix_path.sh'
[12.331s] Level 1:colcon.colcon_core.environment:checking '/home/yahia/Documents/GitHub/robotics/install/mujoco_ros2/lib'
[12.331s] Level 1:colcon.colcon_core.environment:checking '/home/yahia/Documents/GitHub/robotics/install/mujoco_ros2/bin'
[12.331s] Level 1:colcon.colcon_core.environment:checking '/home/yahia/Documents/GitHub/robotics/install/mujoco_ros2/lib/pkgconfig/mujoco_ros2.pc'
[12.331s] Level 1:colcon.colcon_core.environment:checking '/home/yahia/Documents/GitHub/robotics/install/mujoco_ros2/lib/python3.12/site-packages'
[12.332s] Level 1:colcon.colcon_core.environment:checking '/home/yahia/Documents/GitHub/robotics/install/mujoco_ros2/bin'
[12.332s] INFO:colcon.colcon_core.shell:Creating package descriptor '/home/yahia/Documents/GitHub/robotics/install/mujoco_ros2/share/mujoco_ros2/package.dsv'
[12.333s] INFO:colcon.colcon_core.shell:Creating package script '/home/yahia/Documents/GitHub/robotics/install/mujoco_ros2/share/mujoco_ros2/package.sh'
[12.333s] INFO:colcon.colcon_core.shell:Creating package script '/home/yahia/Documents/GitHub/robotics/install/mujoco_ros2/share/mujoco_ros2/package.bash'
[12.334s] INFO:colcon.colcon_core.shell:Creating package script '/home/yahia/Documents/GitHub/robotics/install/mujoco_ros2/share/mujoco_ros2/package.zsh'
[12.334s] Level 1:colcon.colcon_core.environment:create_file_with_runtime_dependencies(/home/yahia/Documents/GitHub/robotics/install/mujoco_ros2/share/colcon-core/packages/mujoco_ros2)
[12.334s] DEBUG:colcon.colcon_parallel_executor.executor.parallel:closing loop
[12.335s] DEBUG:colcon.colcon_parallel_executor.executor.parallel:loop closed
[12.335s] DEBUG:colcon.colcon_parallel_executor.executor.parallel:run_until_complete finished with '0'
[12.335s] DEBUG:colcon.colcon_core.event_reactor:joining thread
[12.350s] INFO:colcon.colcon_core.plugin_system:Skipping extension 'colcon_notification.desktop_notification.terminal_notifier': Not used on non-Darwin systems
[12.350s] INFO:colcon.colcon_core.plugin_system:Skipping extension 'colcon_notification.desktop_notification.win32': Not used on non-Windows systems
[12.350s] INFO:colcon.colcon_notification.desktop_notification:Sending desktop notification using 'notify2'
[12.379s] DEBUG:colcon.colcon_core.event_reactor:joined thread
[12.379s] INFO:colcon.colcon_core.shell:Creating prefix script '/home/yahia/Documents/GitHub/robotics/install/local_setup.sh'
[12.381s] INFO:colcon.colcon_core.shell:Creating prefix util module '/home/yahia/Documents/GitHub/robotics/install/_local_setup_util_sh.py'
[12.385s] INFO:colcon.colcon_core.shell:Creating prefix chain script '/home/yahia/Documents/GitHub/robotics/install/setup.sh'
[12.388s] INFO:colcon.colcon_core.shell:Creating prefix script '/home/yahia/Documents/GitHub/robotics/install/local_setup.bash'
[12.389s] INFO:colcon.colcon_core.shell:Creating prefix chain script '/home/yahia/Documents/GitHub/robotics/install/setup.bash'
[12.392s] INFO:colcon.colcon_core.shell:Creating prefix script '/home/yahia/Documents/GitHub/robotics/install/local_setup.zsh'
[12.393s] INFO:colcon.colcon_core.shell:Creating prefix chain script '/home/yahia/Documents/GitHub/robotics/install/setup.zsh'
