[0.246s] DEBUG:colcon:Command line arguments: ['/usr/bin/colcon', 'build', '--packages-select', 'mujoco_arm_demo']
[0.246s] DEBUG:colcon:Parsed command line arguments: Namespace(log_base=None, log_level=None, verb_name='build', build_base='build', install_base='install', merge_install=False, symlink_install=False, test_result_base=None, continue_on_error=False, executor='parallel', parallel_workers=8, event_handlers=None, ignore_user_meta=False, metas=['./colcon.meta'], base_paths=['.'], packages_ignore=None, packages_ignore_regex=None, paths=None, packages_up_to=None, packages_up_to_regex=None, packages_above=None, packages_above_and_dependencies=None, packages_above_depth=None, packages_select_by_dep=None, packages_skip_by_dep=None, packages_skip_up_to=None, packages_select_build_failed=False, packages_skip_build_finished=False, packages_select_test_failures=False, packages_skip_test_passed=False, packages_select=['mujoco_arm_demo'], packages_skip=None, packages_select_regex=None, packages_skip_regex=None, packages_start=None, packages_end=None, cmake_args=None, cmake_target=None, cmake_target_skip_unavailable=False, cmake_clean_cache=False, cmake_clean_first=False, cmake_force_configure=False, ament_cmake_args=None, catkin_cmake_args=None, catkin_skip_building_tests=False, verb_parser=<colcon_defaults.argument_parser.defaults.DefaultArgumentsDecorator object at 0x78639aa28f80>, verb_extension=<colcon_core.verb.build.BuildVerb object at 0x78639ab4dac0>, main=<bound method BuildVerb.main of <colcon_core.verb.build.BuildVerb object at 0x78639ab4dac0>>)
[0.356s] Level 1:colcon.colcon_core.package_discovery:discover_packages(colcon_meta) check parameters
[0.357s] Level 1:colcon.colcon_core.package_discovery:discover_packages(recursive) check parameters
[0.357s] Level 1:colcon.colcon_core.package_discovery:discover_packages(ignore) check parameters
[0.357s] Level 1:colcon.colcon_core.package_discovery:discover_packages(path) check parameters
[0.357s] Level 1:colcon.colcon_core.package_discovery:discover_packages(colcon_meta) discover
[0.358s] Level 1:colcon.colcon_core.package_discovery:discover_packages(recursive) discover
[0.358s] INFO:colcon.colcon_core.package_discovery:Crawling recursively for packages in '/home/yahia/Documents/GitHub/robotics'
[0.358s] Level 1:colcon.colcon_core.package_identification:_identify(.) by extensions ['ignore', 'ignore_ament_install']
[0.358s] Level 1:colcon.colcon_core.package_identification:_identify(.) by extension 'ignore'
[0.359s] Level 1:colcon.colcon_core.package_identification:_identify(.) by extension 'ignore_ament_install'
[0.359s] Level 1:colcon.colcon_core.package_identification:_identify(.) by extensions ['colcon_pkg']
[0.359s] Level 1:colcon.colcon_core.package_identification:_identify(.) by extension 'colcon_pkg'
[0.359s] Level 1:colcon.colcon_core.package_identification:_identify(.) by extensions ['colcon_meta']
[0.359s] Level 1:colcon.colcon_core.package_identification:_identify(.) by extension 'colcon_meta'
[0.359s] Level 1:colcon.colcon_core.package_identification:_identify(.) by extensions ['ros']
[0.359s] Level 1:colcon.colcon_core.package_identification:_identify(.) by extension 'ros'
[0.409s] Level 1:colcon.colcon_core.package_identification:_identify(.) by extensions ['cmake', 'python']
[0.409s] Level 1:colcon.colcon_core.package_identification:_identify(.) by extension 'cmake'
[0.409s] Level 1:colcon.colcon_core.package_identification:_identify(.) by extension 'python'
[0.409s] Level 1:colcon.colcon_core.package_identification:_identify(.) by extensions ['python_setup_py']
[0.409s] Level 1:colcon.colcon_core.package_identification:_identify(.) by extension 'python_setup_py'
[0.409s] Level 1:colcon.colcon_core.package_identification:_identify(build) by extensions ['ignore', 'ignore_ament_install']
[0.409s] Level 1:colcon.colcon_core.package_identification:_identify(build) by extension 'ignore'
[0.409s] Level 1:colcon.colcon_core.package_identification:_identify(build) ignored
[0.410s] Level 1:colcon.colcon_core.package_identification:_identify(docs) by extensions ['ignore', 'ignore_ament_install']
[0.410s] Level 1:colcon.colcon_core.package_identification:_identify(docs) by extension 'ignore'
[0.410s] Level 1:colcon.colcon_core.package_identification:_identify(docs) by extension 'ignore_ament_install'
[0.410s] Level 1:colcon.colcon_core.package_identification:_identify(docs) by extensions ['colcon_pkg']
[0.410s] Level 1:colcon.colcon_core.package_identification:_identify(docs) by extension 'colcon_pkg'
[0.410s] Level 1:colcon.colcon_core.package_identification:_identify(docs) by extensions ['colcon_meta']
[0.410s] Level 1:colcon.colcon_core.package_identification:_identify(docs) by extension 'colcon_meta'
[0.410s] Level 1:colcon.colcon_core.package_identification:_identify(docs) by extensions ['ros']
[0.410s] Level 1:colcon.colcon_core.package_identification:_identify(docs) by extension 'ros'
[0.411s] Level 1:colcon.colcon_core.package_identification:_identify(docs) by extensions ['cmake', 'python']
[0.411s] Level 1:colcon.colcon_core.package_identification:_identify(docs) by extension 'cmake'
[0.411s] Level 1:colcon.colcon_core.package_identification:_identify(docs) by extension 'python'
[0.411s] Level 1:colcon.colcon_core.package_identification:_identify(docs) by extensions ['python_setup_py']
[0.411s] Level 1:colcon.colcon_core.package_identification:_identify(docs) by extension 'python_setup_py'
[0.411s] Level 1:colcon.colcon_core.package_identification:_identify(install) by extensions ['ignore', 'ignore_ament_install']
[0.411s] Level 1:colcon.colcon_core.package_identification:_identify(install) by extension 'ignore'
[0.411s] Level 1:colcon.colcon_core.package_identification:_identify(install) ignored
[0.411s] Level 1:colcon.colcon_core.package_identification:_identify(log) by extensions ['ignore', 'ignore_ament_install']
[0.412s] Level 1:colcon.colcon_core.package_identification:_identify(log) by extension 'ignore'
[0.412s] Level 1:colcon.colcon_core.package_identification:_identify(log) ignored
[0.412s] Level 1:colcon.colcon_core.package_identification:_identify(src) by extensions ['ignore', 'ignore_ament_install']
[0.412s] Level 1:colcon.colcon_core.package_identification:_identify(src) by extension 'ignore'
[0.412s] Level 1:colcon.colcon_core.package_identification:_identify(src) by extension 'ignore_ament_install'
[0.412s] Level 1:colcon.colcon_core.package_identification:_identify(src) by extensions ['colcon_pkg']
[0.412s] Level 1:colcon.colcon_core.package_identification:_identify(src) by extension 'colcon_pkg'
[0.412s] Level 1:colcon.colcon_core.package_identification:_identify(src) by extensions ['colcon_meta']
[0.412s] Level 1:colcon.colcon_core.package_identification:_identify(src) by extension 'colcon_meta'
[0.413s] Level 1:colcon.colcon_core.package_identification:_identify(src) by extensions ['ros']
[0.413s] Level 1:colcon.colcon_core.package_identification:_identify(src) by extension 'ros'
[0.413s] Level 1:colcon.colcon_core.package_identification:_identify(src) by extensions ['cmake', 'python']
[0.413s] Level 1:colcon.colcon_core.package_identification:_identify(src) by extension 'cmake'
[0.413s] Level 1:colcon.colcon_core.package_identification:_identify(src) by extension 'python'
[0.413s] Level 1:colcon.colcon_core.package_identification:_identify(src) by extensions ['python_setup_py']
[0.413s] Level 1:colcon.colcon_core.package_identification:_identify(src) by extension 'python_setup_py'
[0.413s] Level 1:colcon.colcon_core.package_identification:_identify(src/low_cost_robot_arm) by extensions ['ignore', 'ignore_ament_install']
[0.413s] Level 1:colcon.colcon_core.package_identification:_identify(src/low_cost_robot_arm) by extension 'ignore'
[0.413s] Level 1:colcon.colcon_core.package_identification:_identify(src/low_cost_robot_arm) by extension 'ignore_ament_install'
[0.414s] Level 1:colcon.colcon_core.package_identification:_identify(src/low_cost_robot_arm) by extensions ['colcon_pkg']
[0.414s] Level 1:colcon.colcon_core.package_identification:_identify(src/low_cost_robot_arm) by extension 'colcon_pkg'
[0.414s] Level 1:colcon.colcon_core.package_identification:_identify(src/low_cost_robot_arm) by extensions ['colcon_meta']
[0.414s] Level 1:colcon.colcon_core.package_identification:_identify(src/low_cost_robot_arm) by extension 'colcon_meta'
[0.414s] Level 1:colcon.colcon_core.package_identification:_identify(src/low_cost_robot_arm) by extensions ['ros']
[0.414s] Level 1:colcon.colcon_core.package_identification:_identify(src/low_cost_robot_arm) by extension 'ros'
[0.414s] Level 1:colcon.colcon_core.package_identification:_identify(src/low_cost_robot_arm) by extensions ['cmake', 'python']
[0.414s] Level 1:colcon.colcon_core.package_identification:_identify(src/low_cost_robot_arm) by extension 'cmake'
[0.414s] Level 1:colcon.colcon_core.package_identification:_identify(src/low_cost_robot_arm) by extension 'python'
[0.414s] Level 1:colcon.colcon_core.package_identification:_identify(src/low_cost_robot_arm) by extensions ['python_setup_py']
[0.414s] Level 1:colcon.colcon_core.package_identification:_identify(src/low_cost_robot_arm) by extension 'python_setup_py'
[0.415s] Level 1:colcon.colcon_core.package_identification:_identify(src/low_cost_robot_arm/assets) by extensions ['ignore', 'ignore_ament_install']
[0.415s] Level 1:colcon.colcon_core.package_identification:_identify(src/low_cost_robot_arm/assets) by extension 'ignore'
[0.415s] Level 1:colcon.colcon_core.package_identification:_identify(src/low_cost_robot_arm/assets) by extension 'ignore_ament_install'
[0.415s] Level 1:colcon.colcon_core.package_identification:_identify(src/low_cost_robot_arm/assets) by extensions ['colcon_pkg']
[0.415s] Level 1:colcon.colcon_core.package_identification:_identify(src/low_cost_robot_arm/assets) by extension 'colcon_pkg'
[0.415s] Level 1:colcon.colcon_core.package_identification:_identify(src/low_cost_robot_arm/assets) by extensions ['colcon_meta']
[0.415s] Level 1:colcon.colcon_core.package_identification:_identify(src/low_cost_robot_arm/assets) by extension 'colcon_meta'
[0.415s] Level 1:colcon.colcon_core.package_identification:_identify(src/low_cost_robot_arm/assets) by extensions ['ros']
[0.415s] Level 1:colcon.colcon_core.package_identification:_identify(src/low_cost_robot_arm/assets) by extension 'ros'
[0.416s] Level 1:colcon.colcon_core.package_identification:_identify(src/low_cost_robot_arm/assets) by extensions ['cmake', 'python']
[0.416s] Level 1:colcon.colcon_core.package_identification:_identify(src/low_cost_robot_arm/assets) by extension 'cmake'
[0.416s] Level 1:colcon.colcon_core.package_identification:_identify(src/low_cost_robot_arm/assets) by extension 'python'
[0.416s] Level 1:colcon.colcon_core.package_identification:_identify(src/low_cost_robot_arm/assets) by extensions ['python_setup_py']
[0.416s] Level 1:colcon.colcon_core.package_identification:_identify(src/low_cost_robot_arm/assets) by extension 'python_setup_py'
[0.416s] Level 1:colcon.colcon_core.package_identification:_identify(src/low_cost_robot_arm/launch) by extensions ['ignore', 'ignore_ament_install']
[0.416s] Level 1:colcon.colcon_core.package_identification:_identify(src/low_cost_robot_arm/launch) by extension 'ignore'
[0.416s] Level 1:colcon.colcon_core.package_identification:_identify(src/low_cost_robot_arm/launch) by extension 'ignore_ament_install'
[0.417s] Level 1:colcon.colcon_core.package_identification:_identify(src/low_cost_robot_arm/launch) by extensions ['colcon_pkg']
[0.417s] Level 1:colcon.colcon_core.package_identification:_identify(src/low_cost_robot_arm/launch) by extension 'colcon_pkg'
[0.417s] Level 1:colcon.colcon_core.package_identification:_identify(src/low_cost_robot_arm/launch) by extensions ['colcon_meta']
[0.417s] Level 1:colcon.colcon_core.package_identification:_identify(src/low_cost_robot_arm/launch) by extension 'colcon_meta'
[0.417s] Level 1:colcon.colcon_core.package_identification:_identify(src/low_cost_robot_arm/launch) by extensions ['ros']
[0.417s] Level 1:colcon.colcon_core.package_identification:_identify(src/low_cost_robot_arm/launch) by extension 'ros'
[0.417s] Level 1:colcon.colcon_core.package_identification:_identify(src/low_cost_robot_arm/launch) by extensions ['cmake', 'python']
[0.417s] Level 1:colcon.colcon_core.package_identification:_identify(src/low_cost_robot_arm/launch) by extension 'cmake'
[0.417s] Level 1:colcon.colcon_core.package_identification:_identify(src/low_cost_robot_arm/launch) by extension 'python'
[0.417s] Level 1:colcon.colcon_core.package_identification:_identify(src/low_cost_robot_arm/launch) by extensions ['python_setup_py']
[0.417s] Level 1:colcon.colcon_core.package_identification:_identify(src/low_cost_robot_arm/launch) by extension 'python_setup_py'
[0.418s] Level 1:colcon.colcon_core.package_identification:_identify(src/mujoco_arm_demo) by extensions ['ignore', 'ignore_ament_install']
[0.418s] Level 1:colcon.colcon_core.package_identification:_identify(src/mujoco_arm_demo) by extension 'ignore'
[0.418s] Level 1:colcon.colcon_core.package_identification:_identify(src/mujoco_arm_demo) by extension 'ignore_ament_install'
[0.418s] Level 1:colcon.colcon_core.package_identification:_identify(src/mujoco_arm_demo) by extensions ['colcon_pkg']
[0.418s] Level 1:colcon.colcon_core.package_identification:_identify(src/mujoco_arm_demo) by extension 'colcon_pkg'
[0.418s] Level 1:colcon.colcon_core.package_identification:_identify(src/mujoco_arm_demo) by extensions ['colcon_meta']
[0.418s] Level 1:colcon.colcon_core.package_identification:_identify(src/mujoco_arm_demo) by extension 'colcon_meta'
[0.418s] Level 1:colcon.colcon_core.package_identification:_identify(src/mujoco_arm_demo) by extensions ['ros']
[0.418s] Level 1:colcon.colcon_core.package_identification:_identify(src/mujoco_arm_demo) by extension 'ros'
[0.422s] DEBUG:colcon.colcon_core.package_identification:Package 'src/mujoco_arm_demo' with type 'ros.ament_python' and name 'mujoco_arm_demo'
[0.423s] Level 1:colcon.colcon_core.package_identification:_identify(src/mujoco_ros2) by extensions ['ignore', 'ignore_ament_install']
[0.423s] Level 1:colcon.colcon_core.package_identification:_identify(src/mujoco_ros2) by extension 'ignore'
[0.423s] Level 1:colcon.colcon_core.package_identification:_identify(src/mujoco_ros2) by extension 'ignore_ament_install'
[0.423s] Level 1:colcon.colcon_core.package_identification:_identify(src/mujoco_ros2) by extensions ['colcon_pkg']
[0.423s] Level 1:colcon.colcon_core.package_identification:_identify(src/mujoco_ros2) by extension 'colcon_pkg'
[0.423s] Level 1:colcon.colcon_core.package_identification:_identify(src/mujoco_ros2) by extensions ['colcon_meta']
[0.423s] Level 1:colcon.colcon_core.package_identification:_identify(src/mujoco_ros2) by extension 'colcon_meta'
[0.423s] Level 1:colcon.colcon_core.package_identification:_identify(src/mujoco_ros2) by extensions ['ros']
[0.423s] Level 1:colcon.colcon_core.package_identification:_identify(src/mujoco_ros2) by extension 'ros'
[0.425s] DEBUG:colcon.colcon_core.package_identification:Package 'src/mujoco_ros2' with type 'ros.ament_cmake' and name 'mujoco_ros2'
[0.425s] Level 1:colcon.colcon_core.package_identification:_identify(vods) by extensions ['ignore', 'ignore_ament_install']
[0.425s] Level 1:colcon.colcon_core.package_identification:_identify(vods) by extension 'ignore'
[0.425s] Level 1:colcon.colcon_core.package_identification:_identify(vods) by extension 'ignore_ament_install'
[0.425s] Level 1:colcon.colcon_core.package_identification:_identify(vods) by extensions ['colcon_pkg']
[0.425s] Level 1:colcon.colcon_core.package_identification:_identify(vods) by extension 'colcon_pkg'
[0.425s] Level 1:colcon.colcon_core.package_identification:_identify(vods) by extensions ['colcon_meta']
[0.425s] Level 1:colcon.colcon_core.package_identification:_identify(vods) by extension 'colcon_meta'
[0.425s] Level 1:colcon.colcon_core.package_identification:_identify(vods) by extensions ['ros']
[0.425s] Level 1:colcon.colcon_core.package_identification:_identify(vods) by extension 'ros'
[0.426s] Level 1:colcon.colcon_core.package_identification:_identify(vods) by extensions ['cmake', 'python']
[0.426s] Level 1:colcon.colcon_core.package_identification:_identify(vods) by extension 'cmake'
[0.426s] Level 1:colcon.colcon_core.package_identification:_identify(vods) by extension 'python'
[0.426s] Level 1:colcon.colcon_core.package_identification:_identify(vods) by extensions ['python_setup_py']
[0.426s] Level 1:colcon.colcon_core.package_identification:_identify(vods) by extension 'python_setup_py'
[0.426s] Level 1:colcon.colcon_core.package_discovery:discover_packages(recursive) using defaults
[0.426s] Level 1:colcon.colcon_core.package_discovery:discover_packages(ignore) discover
[0.426s] Level 1:colcon.colcon_core.package_discovery:discover_packages(ignore) using defaults
[0.426s] Level 1:colcon.colcon_core.package_discovery:discover_packages(path) discover
[0.426s] Level 1:colcon.colcon_core.package_discovery:discover_packages(path) using defaults
[0.458s] INFO:colcon.colcon_core.package_selection:Skipping not selected package 'mujoco_ros2' in 'src/mujoco_ros2'
[0.459s] Level 5:colcon.colcon_core.verb:set package 'mujoco_arm_demo' build argument 'cmake_args' from command line to 'None'
[0.459s] Level 5:colcon.colcon_core.verb:set package 'mujoco_arm_demo' build argument 'cmake_target' from command line to 'None'
[0.459s] Level 5:colcon.colcon_core.verb:set package 'mujoco_arm_demo' build argument 'cmake_target_skip_unavailable' from command line to 'False'
[0.459s] Level 5:colcon.colcon_core.verb:set package 'mujoco_arm_demo' build argument 'cmake_clean_cache' from command line to 'False'
[0.459s] Level 5:colcon.colcon_core.verb:set package 'mujoco_arm_demo' build argument 'cmake_clean_first' from command line to 'False'
[0.459s] Level 5:colcon.colcon_core.verb:set package 'mujoco_arm_demo' build argument 'cmake_force_configure' from command line to 'False'
[0.459s] Level 5:colcon.colcon_core.verb:set package 'mujoco_arm_demo' build argument 'ament_cmake_args' from command line to 'None'
[0.459s] Level 5:colcon.colcon_core.verb:set package 'mujoco_arm_demo' build argument 'catkin_cmake_args' from command line to 'None'
[0.459s] Level 5:colcon.colcon_core.verb:set package 'mujoco_arm_demo' build argument 'catkin_skip_building_tests' from command line to 'False'
[0.459s] DEBUG:colcon.colcon_core.verb:Building package 'mujoco_arm_demo' with the following arguments: {'ament_cmake_args': None, 'build_base': '/home/yahia/Documents/GitHub/robotics/build/mujoco_arm_demo', 'catkin_cmake_args': None, 'catkin_skip_building_tests': False, 'cmake_args': None, 'cmake_clean_cache': False, 'cmake_clean_first': False, 'cmake_force_configure': False, 'cmake_target': None, 'cmake_target_skip_unavailable': False, 'install_base': '/home/yahia/Documents/GitHub/robotics/install/mujoco_arm_demo', 'merge_install': False, 'path': '/home/yahia/Documents/GitHub/robotics/src/mujoco_arm_demo', 'symlink_install': False, 'test_result_base': None}
[0.460s] INFO:colcon.colcon_core.executor:Executing jobs using 'parallel' executor
[0.461s] DEBUG:colcon.colcon_parallel_executor.executor.parallel:run_until_complete
[0.461s] INFO:colcon.colcon_ros.task.ament_python.build:Building ROS package in '/home/yahia/Documents/GitHub/robotics/src/mujoco_arm_demo' with build type 'ament_python'
[0.462s] Level 1:colcon.colcon_core.shell:create_environment_hook('mujoco_arm_demo', 'ament_prefix_path')
[0.466s] INFO:colcon.colcon_core.plugin_system:Skipping extension 'colcon_core.shell.bat': Not used on non-Windows systems
[0.467s] INFO:colcon.colcon_core.shell:Creating environment descriptor '/home/yahia/Documents/GitHub/robotics/install/mujoco_arm_demo/share/mujoco_arm_demo/hook/ament_prefix_path.dsv'
[0.469s] INFO:colcon.colcon_core.shell:Creating environment hook '/home/yahia/Documents/GitHub/robotics/install/mujoco_arm_demo/share/mujoco_arm_demo/hook/ament_prefix_path.sh'
[0.471s] DEBUG:colcon.colcon_core.shell:Skip shell extension 'dsv' for command environment
[0.993s] INFO:colcon.colcon_core.task.python.build:Building Python package in '/home/yahia/Documents/GitHub/robotics/src/mujoco_arm_demo'
[0.993s] DEBUG:colcon.colcon_core.shell:Skip shell extension 'dsv' for command environment
[2.371s] DEBUG:colcon.colcon_core.event_handler.log_command:Invoking command in '/home/yahia/Documents/GitHub/robotics/src/mujoco_arm_demo': DEBUGINFOD_URLS=https://debuginfod.ubuntu.com PYTHONPATH=/home/yahia/Documents/GitHub/robotics/build/mujoco_arm_demo/prefix_override:/usr/lib/python3/dist-packages/colcon_core/task/python/colcon_distutils_commands:/home/yahia/Documents/GitHub/robotics/install/mujoco_arm_demo/lib/python3.12/site-packages:${PYTHONPATH} /usr/bin/python3 -W ignore:setup.py install is deprecated -W ignore:easy_install command is deprecated setup.py egg_info --egg-base ../../build/mujoco_arm_demo build --build-base /home/yahia/Documents/GitHub/robotics/build/mujoco_arm_demo/build install --record /home/yahia/Documents/GitHub/robotics/build/mujoco_arm_demo/install.log --single-version-externally-managed install_data
[3.352s] DEBUG:colcon.colcon_core.event_handler.log_command:Invoked command in '/home/yahia/Documents/GitHub/robotics/src/mujoco_arm_demo' returned '0': DEBUGINFOD_URLS=https://debuginfod.ubuntu.com PYTHONPATH=/home/yahia/Documents/GitHub/robotics/build/mujoco_arm_demo/prefix_override:/usr/lib/python3/dist-packages/colcon_core/task/python/colcon_distutils_commands:/home/yahia/Documents/GitHub/robotics/install/mujoco_arm_demo/lib/python3.12/site-packages:${PYTHONPATH} /usr/bin/python3 -W ignore:setup.py install is deprecated -W ignore:easy_install command is deprecated setup.py egg_info --egg-base ../../build/mujoco_arm_demo build --build-base /home/yahia/Documents/GitHub/robotics/build/mujoco_arm_demo/build install --record /home/yahia/Documents/GitHub/robotics/build/mujoco_arm_demo/install.log --single-version-externally-managed install_data
[3.357s] Level 1:colcon.colcon_core.environment:checking '/home/yahia/Documents/GitHub/robotics/install/mujoco_arm_demo' for CMake module files
[3.358s] Level 1:colcon.colcon_core.environment:checking '/home/yahia/Documents/GitHub/robotics/install/mujoco_arm_demo' for CMake config files
[3.359s] Level 1:colcon.colcon_core.environment:checking '/home/yahia/Documents/GitHub/robotics/install/mujoco_arm_demo/lib'
[3.360s] Level 1:colcon.colcon_core.environment:checking '/home/yahia/Documents/GitHub/robotics/install/mujoco_arm_demo/bin'
[3.360s] Level 1:colcon.colcon_core.environment:checking '/home/yahia/Documents/GitHub/robotics/install/mujoco_arm_demo/lib/pkgconfig/mujoco_arm_demo.pc'
[3.360s] Level 1:colcon.colcon_core.environment:checking '/home/yahia/Documents/GitHub/robotics/install/mujoco_arm_demo/lib/python3.12/site-packages'
[3.361s] Level 1:colcon.colcon_core.shell:create_environment_hook('mujoco_arm_demo', 'pythonpath')
[3.361s] INFO:colcon.colcon_core.shell:Creating environment descriptor '/home/yahia/Documents/GitHub/robotics/install/mujoco_arm_demo/share/mujoco_arm_demo/hook/pythonpath.dsv'
[3.362s] INFO:colcon.colcon_core.shell:Creating environment hook '/home/yahia/Documents/GitHub/robotics/install/mujoco_arm_demo/share/mujoco_arm_demo/hook/pythonpath.sh'
[3.363s] Level 1:colcon.colcon_core.environment:checking '/home/yahia/Documents/GitHub/robotics/install/mujoco_arm_demo/bin'
[3.363s] Level 1:colcon.colcon_core.environment:create_environment_scripts_only(mujoco_arm_demo)
[3.363s] INFO:colcon.colcon_core.shell:Creating package descriptor '/home/yahia/Documents/GitHub/robotics/install/mujoco_arm_demo/share/mujoco_arm_demo/package.dsv'
[3.364s] INFO:colcon.colcon_core.shell:Creating package script '/home/yahia/Documents/GitHub/robotics/install/mujoco_arm_demo/share/mujoco_arm_demo/package.sh'
[3.366s] INFO:colcon.colcon_core.shell:Creating package script '/home/yahia/Documents/GitHub/robotics/install/mujoco_arm_demo/share/mujoco_arm_demo/package.bash'
[3.367s] INFO:colcon.colcon_core.shell:Creating package script '/home/yahia/Documents/GitHub/robotics/install/mujoco_arm_demo/share/mujoco_arm_demo/package.zsh'
[3.368s] Level 1:colcon.colcon_core.environment:create_file_with_runtime_dependencies(/home/yahia/Documents/GitHub/robotics/install/mujoco_arm_demo/share/colcon-core/packages/mujoco_arm_demo)
[3.369s] DEBUG:colcon.colcon_parallel_executor.executor.parallel:closing loop
[3.370s] DEBUG:colcon.colcon_parallel_executor.executor.parallel:loop closed
[3.370s] DEBUG:colcon.colcon_parallel_executor.executor.parallel:run_until_complete finished with '0'
[3.370s] DEBUG:colcon.colcon_core.event_reactor:joining thread
[3.390s] INFO:colcon.colcon_core.plugin_system:Skipping extension 'colcon_notification.desktop_notification.terminal_notifier': Not used on non-Darwin systems
[3.391s] INFO:colcon.colcon_core.plugin_system:Skipping extension 'colcon_notification.desktop_notification.win32': Not used on non-Windows systems
[3.391s] INFO:colcon.colcon_notification.desktop_notification:Sending desktop notification using 'notify2'
[3.454s] DEBUG:colcon.colcon_core.event_reactor:joined thread
[3.455s] INFO:colcon.colcon_core.shell:Creating prefix script '/home/yahia/Documents/GitHub/robotics/install/local_setup.sh'
[3.458s] INFO:colcon.colcon_core.shell:Creating prefix util module '/home/yahia/Documents/GitHub/robotics/install/_local_setup_util_sh.py'
[3.467s] INFO:colcon.colcon_core.shell:Creating prefix chain script '/home/yahia/Documents/GitHub/robotics/install/setup.sh'
[3.471s] INFO:colcon.colcon_core.shell:Creating prefix script '/home/yahia/Documents/GitHub/robotics/install/local_setup.bash'
[3.473s] INFO:colcon.colcon_core.shell:Creating prefix chain script '/home/yahia/Documents/GitHub/robotics/install/setup.bash'
[3.477s] INFO:colcon.colcon_core.shell:Creating prefix script '/home/yahia/Documents/GitHub/robotics/install/local_setup.zsh'
[3.480s] INFO:colcon.colcon_core.shell:Creating prefix chain script '/home/yahia/Documents/GitHub/robotics/install/setup.zsh'
