[0.338s] DEBUG:colcon:Command line arguments: ['/usr/bin/colcon', 'build', '--symlink-install']
[0.338s] DEBUG:colcon:Parsed command line arguments: Namespace(log_base=None, log_level=None, verb_name='build', build_base='build', install_base='install', merge_install=False, symlink_install=True, test_result_base=None, continue_on_error=False, executor='parallel', parallel_workers=8, event_handlers=None, ignore_user_meta=False, metas=['./colcon.meta'], base_paths=['.'], packages_ignore=None, packages_ignore_regex=None, paths=None, packages_up_to=None, packages_up_to_regex=None, packages_above=None, packages_above_and_dependencies=None, packages_above_depth=None, packages_select_by_dep=None, packages_skip_by_dep=None, packages_skip_up_to=None, packages_select_build_failed=False, packages_skip_build_finished=False, packages_select_test_failures=False, packages_skip_test_passed=False, packages_select=None, packages_skip=None, packages_select_regex=None, packages_skip_regex=None, packages_start=None, packages_end=None, cmake_args=None, cmake_target=None, cmake_target_skip_unavailable=False, cmake_clean_cache=False, cmake_clean_first=False, cmake_force_configure=False, ament_cmake_args=None, catkin_cmake_args=None, catkin_skip_building_tests=False, verb_parser=<colcon_defaults.argument_parser.defaults.DefaultArgumentsDecorator object at 0x712de9320f20>, verb_extension=<colcon_core.verb.build.BuildVerb object at 0x712de9444f80>, main=<bound method BuildVerb.main of <colcon_core.verb.build.BuildVerb object at 0x712de9444f80>>)
[0.461s] Level 1:colcon.colcon_core.package_discovery:discover_packages(colcon_meta) check parameters
[0.462s] Level 1:colcon.colcon_core.package_discovery:discover_packages(recursive) check parameters
[0.462s] Level 1:colcon.colcon_core.package_discovery:discover_packages(ignore) check parameters
[0.462s] Level 1:colcon.colcon_core.package_discovery:discover_packages(path) check parameters
[0.462s] Level 1:colcon.colcon_core.package_discovery:discover_packages(colcon_meta) discover
[0.462s] Level 1:colcon.colcon_core.package_discovery:discover_packages(recursive) discover
[0.462s] INFO:colcon.colcon_core.package_discovery:Crawling recursively for packages in '/home/yahia/Documents/GitHub/robotics'
[0.462s] Level 1:colcon.colcon_core.package_identification:_identify(.) by extensions ['ignore', 'ignore_ament_install']
[0.462s] Level 1:colcon.colcon_core.package_identification:_identify(.) by extension 'ignore'
[0.463s] Level 1:colcon.colcon_core.package_identification:_identify(.) by extension 'ignore_ament_install'
[0.463s] Level 1:colcon.colcon_core.package_identification:_identify(.) by extensions ['colcon_pkg']
[0.463s] Level 1:colcon.colcon_core.package_identification:_identify(.) by extension 'colcon_pkg'
[0.463s] Level 1:colcon.colcon_core.package_identification:_identify(.) by extensions ['colcon_meta']
[0.463s] Level 1:colcon.colcon_core.package_identification:_identify(.) by extension 'colcon_meta'
[0.463s] Level 1:colcon.colcon_core.package_identification:_identify(.) by extensions ['ros']
[0.463s] Level 1:colcon.colcon_core.package_identification:_identify(.) by extension 'ros'
[0.530s] Level 1:colcon.colcon_core.package_identification:_identify(.) by extensions ['cmake', 'python']
[0.530s] Level 1:colcon.colcon_core.package_identification:_identify(.) by extension 'cmake'
[0.530s] Level 1:colcon.colcon_core.package_identification:_identify(.) by extension 'python'
[0.530s] Level 1:colcon.colcon_core.package_identification:_identify(.) by extensions ['python_setup_py']
[0.530s] Level 1:colcon.colcon_core.package_identification:_identify(.) by extension 'python_setup_py'
[0.531s] Level 1:colcon.colcon_core.package_identification:_identify(build) by extensions ['ignore', 'ignore_ament_install']
[0.531s] Level 1:colcon.colcon_core.package_identification:_identify(build) by extension 'ignore'
[0.531s] Level 1:colcon.colcon_core.package_identification:_identify(build) ignored
[0.531s] Level 1:colcon.colcon_core.package_identification:_identify(install) by extensions ['ignore', 'ignore_ament_install']
[0.531s] Level 1:colcon.colcon_core.package_identification:_identify(install) by extension 'ignore'
[0.531s] Level 1:colcon.colcon_core.package_identification:_identify(install) ignored
[0.532s] Level 1:colcon.colcon_core.package_identification:_identify(log) by extensions ['ignore', 'ignore_ament_install']
[0.532s] Level 1:colcon.colcon_core.package_identification:_identify(log) by extension 'ignore'
[0.532s] Level 1:colcon.colcon_core.package_identification:_identify(log) ignored
[0.532s] Level 1:colcon.colcon_core.package_identification:_identify(src) by extensions ['ignore', 'ignore_ament_install']
[0.532s] Level 1:colcon.colcon_core.package_identification:_identify(src) by extension 'ignore'
[0.532s] Level 1:colcon.colcon_core.package_identification:_identify(src) by extension 'ignore_ament_install'
[0.532s] Level 1:colcon.colcon_core.package_identification:_identify(src) by extensions ['colcon_pkg']
[0.532s] Level 1:colcon.colcon_core.package_identification:_identify(src) by extension 'colcon_pkg'
[0.533s] Level 1:colcon.colcon_core.package_identification:_identify(src) by extensions ['colcon_meta']
[0.533s] Level 1:colcon.colcon_core.package_identification:_identify(src) by extension 'colcon_meta'
[0.533s] Level 1:colcon.colcon_core.package_identification:_identify(src) by extensions ['ros']
[0.533s] Level 1:colcon.colcon_core.package_identification:_identify(src) by extension 'ros'
[0.533s] Level 1:colcon.colcon_core.package_identification:_identify(src) by extensions ['cmake', 'python']
[0.533s] Level 1:colcon.colcon_core.package_identification:_identify(src) by extension 'cmake'
[0.533s] Level 1:colcon.colcon_core.package_identification:_identify(src) by extension 'python'
[0.533s] Level 1:colcon.colcon_core.package_identification:_identify(src) by extensions ['python_setup_py']
[0.533s] Level 1:colcon.colcon_core.package_identification:_identify(src) by extension 'python_setup_py'
[0.533s] Level 1:colcon.colcon_core.package_identification:_identify(src/low_cost_robot_arm) by extensions ['ignore', 'ignore_ament_install']
[0.534s] Level 1:colcon.colcon_core.package_identification:_identify(src/low_cost_robot_arm) by extension 'ignore'
[0.534s] Level 1:colcon.colcon_core.package_identification:_identify(src/low_cost_robot_arm) by extension 'ignore_ament_install'
[0.534s] Level 1:colcon.colcon_core.package_identification:_identify(src/low_cost_robot_arm) by extensions ['colcon_pkg']
[0.534s] Level 1:colcon.colcon_core.package_identification:_identify(src/low_cost_robot_arm) by extension 'colcon_pkg'
[0.534s] Level 1:colcon.colcon_core.package_identification:_identify(src/low_cost_robot_arm) by extensions ['colcon_meta']
[0.534s] Level 1:colcon.colcon_core.package_identification:_identify(src/low_cost_robot_arm) by extension 'colcon_meta'
[0.534s] Level 1:colcon.colcon_core.package_identification:_identify(src/low_cost_robot_arm) by extensions ['ros']
[0.534s] Level 1:colcon.colcon_core.package_identification:_identify(src/low_cost_robot_arm) by extension 'ros'
[0.534s] Level 1:colcon.colcon_core.package_identification:_identify(src/low_cost_robot_arm) by extensions ['cmake', 'python']
[0.534s] Level 1:colcon.colcon_core.package_identification:_identify(src/low_cost_robot_arm) by extension 'cmake'
[0.535s] Level 1:colcon.colcon_core.package_identification:_identify(src/low_cost_robot_arm) by extension 'python'
[0.535s] Level 1:colcon.colcon_core.package_identification:_identify(src/low_cost_robot_arm) by extensions ['python_setup_py']
[0.535s] Level 1:colcon.colcon_core.package_identification:_identify(src/low_cost_robot_arm) by extension 'python_setup_py'
[0.535s] Level 1:colcon.colcon_core.package_identification:_identify(src/low_cost_robot_arm/assets) by extensions ['ignore', 'ignore_ament_install']
[0.535s] Level 1:colcon.colcon_core.package_identification:_identify(src/low_cost_robot_arm/assets) by extension 'ignore'
[0.535s] Level 1:colcon.colcon_core.package_identification:_identify(src/low_cost_robot_arm/assets) by extension 'ignore_ament_install'
[0.535s] Level 1:colcon.colcon_core.package_identification:_identify(src/low_cost_robot_arm/assets) by extensions ['colcon_pkg']
[0.535s] Level 1:colcon.colcon_core.package_identification:_identify(src/low_cost_robot_arm/assets) by extension 'colcon_pkg'
[0.536s] Level 1:colcon.colcon_core.package_identification:_identify(src/low_cost_robot_arm/assets) by extensions ['colcon_meta']
[0.536s] Level 1:colcon.colcon_core.package_identification:_identify(src/low_cost_robot_arm/assets) by extension 'colcon_meta'
[0.536s] Level 1:colcon.colcon_core.package_identification:_identify(src/low_cost_robot_arm/assets) by extensions ['ros']
[0.536s] Level 1:colcon.colcon_core.package_identification:_identify(src/low_cost_robot_arm/assets) by extension 'ros'
[0.536s] Level 1:colcon.colcon_core.package_identification:_identify(src/low_cost_robot_arm/assets) by extensions ['cmake', 'python']
[0.536s] Level 1:colcon.colcon_core.package_identification:_identify(src/low_cost_robot_arm/assets) by extension 'cmake'
[0.536s] Level 1:colcon.colcon_core.package_identification:_identify(src/low_cost_robot_arm/assets) by extension 'python'
[0.536s] Level 1:colcon.colcon_core.package_identification:_identify(src/low_cost_robot_arm/assets) by extensions ['python_setup_py']
[0.536s] Level 1:colcon.colcon_core.package_identification:_identify(src/low_cost_robot_arm/assets) by extension 'python_setup_py'
[0.537s] Level 1:colcon.colcon_core.package_identification:_identify(src/mujoco_ros2) by extensions ['ignore', 'ignore_ament_install']
[0.537s] Level 1:colcon.colcon_core.package_identification:_identify(src/mujoco_ros2) by extension 'ignore'
[0.537s] Level 1:colcon.colcon_core.package_identification:_identify(src/mujoco_ros2) by extension 'ignore_ament_install'
[0.537s] Level 1:colcon.colcon_core.package_identification:_identify(src/mujoco_ros2) by extensions ['colcon_pkg']
[0.537s] Level 1:colcon.colcon_core.package_identification:_identify(src/mujoco_ros2) by extension 'colcon_pkg'
[0.537s] Level 1:colcon.colcon_core.package_identification:_identify(src/mujoco_ros2) by extensions ['colcon_meta']
[0.537s] Level 1:colcon.colcon_core.package_identification:_identify(src/mujoco_ros2) by extension 'colcon_meta'
[0.537s] Level 1:colcon.colcon_core.package_identification:_identify(src/mujoco_ros2) by extensions ['ros']
[0.537s] Level 1:colcon.colcon_core.package_identification:_identify(src/mujoco_ros2) by extension 'ros'
[0.545s] DEBUG:colcon.colcon_core.package_identification:Package 'src/mujoco_ros2' with type 'ros.ament_cmake' and name 'mujoco_ros2'
[0.545s] Level 1:colcon.colcon_core.package_discovery:discover_packages(recursive) using defaults
[0.545s] Level 1:colcon.colcon_core.package_discovery:discover_packages(ignore) discover
[0.545s] Level 1:colcon.colcon_core.package_discovery:discover_packages(ignore) using defaults
[0.545s] Level 1:colcon.colcon_core.package_discovery:discover_packages(path) discover
[0.545s] Level 1:colcon.colcon_core.package_discovery:discover_packages(path) using defaults
[0.595s] Level 5:colcon.colcon_core.verb:set package 'mujoco_ros2' build argument 'cmake_args' from command line to 'None'
[0.595s] Level 5:colcon.colcon_core.verb:set package 'mujoco_ros2' build argument 'cmake_target' from command line to 'None'
[0.595s] Level 5:colcon.colcon_core.verb:set package 'mujoco_ros2' build argument 'cmake_target_skip_unavailable' from command line to 'False'
[0.595s] Level 5:colcon.colcon_core.verb:set package 'mujoco_ros2' build argument 'cmake_clean_cache' from command line to 'False'
[0.595s] Level 5:colcon.colcon_core.verb:set package 'mujoco_ros2' build argument 'cmake_clean_first' from command line to 'False'
[0.595s] Level 5:colcon.colcon_core.verb:set package 'mujoco_ros2' build argument 'cmake_force_configure' from command line to 'False'
[0.596s] Level 5:colcon.colcon_core.verb:set package 'mujoco_ros2' build argument 'ament_cmake_args' from command line to 'None'
[0.596s] Level 5:colcon.colcon_core.verb:set package 'mujoco_ros2' build argument 'catkin_cmake_args' from command line to 'None'
[0.596s] Level 5:colcon.colcon_core.verb:set package 'mujoco_ros2' build argument 'catkin_skip_building_tests' from command line to 'False'
[0.596s] DEBUG:colcon.colcon_core.verb:Building package 'mujoco_ros2' with the following arguments: {'ament_cmake_args': None, 'build_base': '/home/yahia/Documents/GitHub/robotics/build/mujoco_ros2', 'catkin_cmake_args': None, 'catkin_skip_building_tests': False, 'cmake_args': None, 'cmake_clean_cache': False, 'cmake_clean_first': False, 'cmake_force_configure': False, 'cmake_target': None, 'cmake_target_skip_unavailable': False, 'install_base': '/home/yahia/Documents/GitHub/robotics/install/mujoco_ros2', 'merge_install': False, 'path': '/home/yahia/Documents/GitHub/robotics/src/mujoco_ros2', 'symlink_install': True, 'test_result_base': None}
[0.596s] INFO:colcon.colcon_core.executor:Executing jobs using 'parallel' executor
[0.597s] DEBUG:colcon.colcon_parallel_executor.executor.parallel:run_until_complete
[0.598s] INFO:colcon.colcon_ros.task.ament_cmake.build:Building ROS package in '/home/yahia/Documents/GitHub/robotics/src/mujoco_ros2' with build type 'ament_cmake'
[0.598s] INFO:colcon.colcon_cmake.task.cmake.build:Building CMake package in '/home/yahia/Documents/GitHub/robotics/src/mujoco_ros2'
[0.606s] INFO:colcon.colcon_core.plugin_system:Skipping extension 'colcon_core.shell.bat': Not used on non-Windows systems
[0.606s] DEBUG:colcon.colcon_core.shell:Skip shell extension 'dsv' for command environment
[0.629s] DEBUG:colcon.colcon_core.event_handler.log_command:Invoking command in '/home/yahia/Documents/GitHub/robotics/build/mujoco_ros2': CMAKE_PREFIX_PATH=${CMAKE_PREFIX_PATH}:/opt/ros/jazzy DEBUGINFOD_URLS=https://debuginfod.ubuntu.com /usr/bin/cmake /home/yahia/Documents/GitHub/robotics/src/mujoco_ros2 -DAMENT_CMAKE_SYMLINK_INSTALL=1 -DCMAKE_INSTALL_PREFIX=/home/yahia/Documents/GitHub/robotics/install/mujoco_ros2
[2.429s] DEBUG:colcon.colcon_core.event_handler.log_command:Invoked command in '/home/yahia/Documents/GitHub/robotics/build/mujoco_ros2' returned '0': CMAKE_PREFIX_PATH=${CMAKE_PREFIX_PATH}:/opt/ros/jazzy DEBUGINFOD_URLS=https://debuginfod.ubuntu.com /usr/bin/cmake /home/yahia/Documents/GitHub/robotics/src/mujoco_ros2 -DAMENT_CMAKE_SYMLINK_INSTALL=1 -DCMAKE_INSTALL_PREFIX=/home/yahia/Documents/GitHub/robotics/install/mujoco_ros2
[2.431s] DEBUG:colcon.colcon_core.event_handler.log_command:Invoking command in '/home/yahia/Documents/GitHub/robotics/build/mujoco_ros2': CMAKE_PREFIX_PATH=${CMAKE_PREFIX_PATH}:/opt/ros/jazzy DEBUGINFOD_URLS=https://debuginfod.ubuntu.com /usr/bin/cmake --build /home/yahia/Documents/GitHub/robotics/build/mujoco_ros2 -- -j8 -l8
[3.406s] DEBUG:colcon.colcon_core.event_handler.log_command:Invoked command in '/home/yahia/Documents/GitHub/robotics/build/mujoco_ros2' returned '0': CMAKE_PREFIX_PATH=${CMAKE_PREFIX_PATH}:/opt/ros/jazzy DEBUGINFOD_URLS=https://debuginfod.ubuntu.com /usr/bin/cmake --build /home/yahia/Documents/GitHub/robotics/build/mujoco_ros2 -- -j8 -l8
[3.424s] DEBUG:colcon.colcon_core.event_handler.log_command:Invoking command in '/home/yahia/Documents/GitHub/robotics/build/mujoco_ros2': CMAKE_PREFIX_PATH=${CMAKE_PREFIX_PATH}:/opt/ros/jazzy DEBUGINFOD_URLS=https://debuginfod.ubuntu.com /usr/bin/cmake --install /home/yahia/Documents/GitHub/robotics/build/mujoco_ros2
[3.877s] Level 1:colcon.colcon_core.environment:create_environment_scripts_only(mujoco_ros2)
[3.878s] DEBUG:colcon.colcon_core.event_handler.log_command:Invoked command in '/home/yahia/Documents/GitHub/robotics/build/mujoco_ros2' returned '0': CMAKE_PREFIX_PATH=${CMAKE_PREFIX_PATH}:/opt/ros/jazzy DEBUGINFOD_URLS=https://debuginfod.ubuntu.com /usr/bin/cmake --install /home/yahia/Documents/GitHub/robotics/build/mujoco_ros2
[3.896s] Level 1:colcon.colcon_core.environment:checking '/home/yahia/Documents/GitHub/robotics/install/mujoco_ros2' for CMake module files
[3.897s] Level 1:colcon.colcon_core.environment:checking '/home/yahia/Documents/GitHub/robotics/install/mujoco_ros2' for CMake config files
[3.898s] Level 1:colcon.colcon_core.shell:create_environment_hook('mujoco_ros2', 'cmake_prefix_path')
[3.899s] INFO:colcon.colcon_core.shell:Creating environment descriptor '/home/yahia/Documents/GitHub/robotics/install/mujoco_ros2/share/mujoco_ros2/hook/cmake_prefix_path.dsv'
[3.901s] INFO:colcon.colcon_core.shell:Creating environment hook '/home/yahia/Documents/GitHub/robotics/install/mujoco_ros2/share/mujoco_ros2/hook/cmake_prefix_path.sh'
[3.904s] Level 1:colcon.colcon_core.environment:checking '/home/yahia/Documents/GitHub/robotics/install/mujoco_ros2/lib'
[3.904s] Level 1:colcon.colcon_core.environment:checking '/home/yahia/Documents/GitHub/robotics/install/mujoco_ros2/bin'
[3.905s] Level 1:colcon.colcon_core.environment:checking '/home/yahia/Documents/GitHub/robotics/install/mujoco_ros2/lib/pkgconfig/mujoco_ros2.pc'
[3.912s] Level 1:colcon.colcon_core.environment:checking '/home/yahia/Documents/GitHub/robotics/install/mujoco_ros2/lib/python3.12/site-packages'
[3.913s] Level 1:colcon.colcon_core.environment:checking '/home/yahia/Documents/GitHub/robotics/install/mujoco_ros2/bin'
[3.914s] INFO:colcon.colcon_core.shell:Creating package descriptor '/home/yahia/Documents/GitHub/robotics/install/mujoco_ros2/share/mujoco_ros2/package.dsv'
[3.917s] INFO:colcon.colcon_core.shell:Creating package script '/home/yahia/Documents/GitHub/robotics/install/mujoco_ros2/share/mujoco_ros2/package.sh'
[3.919s] INFO:colcon.colcon_core.shell:Creating package script '/home/yahia/Documents/GitHub/robotics/install/mujoco_ros2/share/mujoco_ros2/package.bash'
[3.922s] INFO:colcon.colcon_core.shell:Creating package script '/home/yahia/Documents/GitHub/robotics/install/mujoco_ros2/share/mujoco_ros2/package.zsh'
[3.925s] Level 1:colcon.colcon_core.environment:create_file_with_runtime_dependencies(/home/yahia/Documents/GitHub/robotics/install/mujoco_ros2/share/colcon-core/packages/mujoco_ros2)
[3.927s] Level 1:colcon.colcon_core.environment:create_environment_scripts_only(mujoco_ros2)
[3.928s] Level 1:colcon.colcon_core.environment:checking '/home/yahia/Documents/GitHub/robotics/install/mujoco_ros2' for CMake module files
[3.930s] Level 1:colcon.colcon_core.environment:checking '/home/yahia/Documents/GitHub/robotics/install/mujoco_ros2' for CMake config files
[3.931s] Level 1:colcon.colcon_core.shell:create_environment_hook('mujoco_ros2', 'cmake_prefix_path')
[3.932s] INFO:colcon.colcon_core.shell:Creating environment descriptor '/home/yahia/Documents/GitHub/robotics/install/mujoco_ros2/share/mujoco_ros2/hook/cmake_prefix_path.dsv'
[3.933s] INFO:colcon.colcon_core.shell:Creating environment hook '/home/yahia/Documents/GitHub/robotics/install/mujoco_ros2/share/mujoco_ros2/hook/cmake_prefix_path.sh'
[3.936s] Level 1:colcon.colcon_core.environment:checking '/home/yahia/Documents/GitHub/robotics/install/mujoco_ros2/lib'
[3.936s] Level 1:colcon.colcon_core.environment:checking '/home/yahia/Documents/GitHub/robotics/install/mujoco_ros2/bin'
[3.936s] Level 1:colcon.colcon_core.environment:checking '/home/yahia/Documents/GitHub/robotics/install/mujoco_ros2/lib/pkgconfig/mujoco_ros2.pc'
[3.937s] Level 1:colcon.colcon_core.environment:checking '/home/yahia/Documents/GitHub/robotics/install/mujoco_ros2/lib/python3.12/site-packages'
[3.938s] Level 1:colcon.colcon_core.environment:checking '/home/yahia/Documents/GitHub/robotics/install/mujoco_ros2/bin'
[3.939s] INFO:colcon.colcon_core.shell:Creating package descriptor '/home/yahia/Documents/GitHub/robotics/install/mujoco_ros2/share/mujoco_ros2/package.dsv'
[3.941s] INFO:colcon.colcon_core.shell:Creating package script '/home/yahia/Documents/GitHub/robotics/install/mujoco_ros2/share/mujoco_ros2/package.sh'
[3.942s] INFO:colcon.colcon_core.shell:Creating package script '/home/yahia/Documents/GitHub/robotics/install/mujoco_ros2/share/mujoco_ros2/package.bash'
[3.944s] INFO:colcon.colcon_core.shell:Creating package script '/home/yahia/Documents/GitHub/robotics/install/mujoco_ros2/share/mujoco_ros2/package.zsh'
[3.945s] Level 1:colcon.colcon_core.environment:create_file_with_runtime_dependencies(/home/yahia/Documents/GitHub/robotics/install/mujoco_ros2/share/colcon-core/packages/mujoco_ros2)
[3.946s] DEBUG:colcon.colcon_parallel_executor.executor.parallel:closing loop
[3.948s] DEBUG:colcon.colcon_parallel_executor.executor.parallel:loop closed
[3.948s] DEBUG:colcon.colcon_parallel_executor.executor.parallel:run_until_complete finished with '0'
[3.948s] DEBUG:colcon.colcon_core.event_reactor:joining thread
[3.980s] INFO:colcon.colcon_core.plugin_system:Skipping extension 'colcon_notification.desktop_notification.terminal_notifier': Not used on non-Darwin systems
[3.980s] INFO:colcon.colcon_core.plugin_system:Skipping extension 'colcon_notification.desktop_notification.win32': Not used on non-Windows systems
[3.980s] INFO:colcon.colcon_notification.desktop_notification:Sending desktop notification using 'notify2'
[4.056s] DEBUG:colcon.colcon_core.event_reactor:joined thread
[4.056s] INFO:colcon.colcon_core.shell:Creating prefix script '/home/yahia/Documents/GitHub/robotics/install/local_setup.sh'
[4.061s] INFO:colcon.colcon_core.shell:Creating prefix util module '/home/yahia/Documents/GitHub/robotics/install/_local_setup_util_sh.py'
[4.070s] INFO:colcon.colcon_core.shell:Creating prefix chain script '/home/yahia/Documents/GitHub/robotics/install/setup.sh'
[4.074s] INFO:colcon.colcon_core.shell:Creating prefix script '/home/yahia/Documents/GitHub/robotics/install/local_setup.bash'
[4.076s] INFO:colcon.colcon_core.shell:Creating prefix chain script '/home/yahia/Documents/GitHub/robotics/install/setup.bash'
[4.082s] INFO:colcon.colcon_core.shell:Creating prefix script '/home/yahia/Documents/GitHub/robotics/install/local_setup.zsh'
[4.085s] INFO:colcon.colcon_core.shell:Creating prefix chain script '/home/yahia/Documents/GitHub/robotics/install/setup.zsh'
