running egg_info
creating ../../build/mujoco_arm_demo/mujoco_arm_demo.egg-info
writing ../../build/mujoco_arm_demo/mujoco_arm_demo.egg-info/PKG-INFO
writing dependency_links to ../../build/mujoco_arm_demo/mujoco_arm_demo.egg-info/dependency_links.txt
writing entry points to ../../build/mujoco_arm_demo/mujoco_arm_demo.egg-info/entry_points.txt
writing requirements to ../../build/mujoco_arm_demo/mujoco_arm_demo.egg-info/requires.txt
writing top-level names to ../../build/mujoco_arm_demo/mujoco_arm_demo.egg-info/top_level.txt
writing manifest file '../../build/mujoco_arm_demo/mujoco_arm_demo.egg-info/SOURCES.txt'
reading manifest file '../../build/mujoco_arm_demo/mujoco_arm_demo.egg-info/SOURCES.txt'
writing manifest file '../../build/mujoco_arm_demo/mujoco_arm_demo.egg-info/SOURCES.txt'
running build
running build_py
creating /home/yahia/Documents/GitHub/robotics/build/mujoco_arm_demo/build
creating /home/yahia/Documents/GitHub/robotics/build/mujoco_arm_demo/build/lib
creating /home/yahia/Documents/GitHub/robotics/build/mujoco_arm_demo/build/lib/mujoco_arm_demo
copying mujoco_arm_demo/__init__.py -> /home/yahia/Documents/GitHub/robotics/build/mujoco_arm_demo/build/lib/mujoco_arm_demo
copying mujoco_arm_demo/simple_move_node.py -> /home/yahia/Documents/GitHub/robotics/build/mujoco_arm_demo/build/lib/mujoco_arm_demo
running install
running install_lib
creating /home/yahia/Documents/GitHub/robotics/install/mujoco_arm_demo/lib/python3.12/site-packages/mujoco_arm_demo
copying /home/yahia/Documents/GitHub/robotics/build/mujoco_arm_demo/build/lib/mujoco_arm_demo/__init__.py -> /home/yahia/Documents/GitHub/robotics/install/mujoco_arm_demo/lib/python3.12/site-packages/mujoco_arm_demo
copying /home/yahia/Documents/GitHub/robotics/build/mujoco_arm_demo/build/lib/mujoco_arm_demo/simple_move_node.py -> /home/yahia/Documents/GitHub/robotics/install/mujoco_arm_demo/lib/python3.12/site-packages/mujoco_arm_demo
byte-compiling /home/yahia/Documents/GitHub/robotics/install/mujoco_arm_demo/lib/python3.12/site-packages/mujoco_arm_demo/__init__.py to __init__.cpython-312.pyc
byte-compiling /home/yahia/Documents/GitHub/robotics/install/mujoco_arm_demo/lib/python3.12/site-packages/mujoco_arm_demo/simple_move_node.py to simple_move_node.cpython-312.pyc
running install_data
creating /home/yahia/Documents/GitHub/robotics/install/mujoco_arm_demo/share/ament_index
creating /home/yahia/Documents/GitHub/robotics/install/mujoco_arm_demo/share/ament_index/resource_index
creating /home/yahia/Documents/GitHub/robotics/install/mujoco_arm_demo/share/ament_index/resource_index/packages
copying resource/mujoco_arm_demo -> /home/yahia/Documents/GitHub/robotics/install/mujoco_arm_demo/share/ament_index/resource_index/packages
copying package.xml -> /home/yahia/Documents/GitHub/robotics/install/mujoco_arm_demo/share/mujoco_arm_demo
running install_egg_info
Copying ../../build/mujoco_arm_demo/mujoco_arm_demo.egg-info to /home/yahia/Documents/GitHub/robotics/install/mujoco_arm_demo/lib/python3.12/site-packages/mujoco_arm_demo-0.0.0-py3.12.egg-info
running install_scripts
Installing simple_move_node script to /home/yahia/Documents/GitHub/robotics/install/mujoco_arm_demo/lib/mujoco_arm_demo
writing list of installed files to '/home/yahia/Documents/GitHub/robotics/build/mujoco_arm_demo/install.log'
