[0.025s] Invoking command in '/home/yahia/Documents/GitHub/robotics/build/mujoco_ros2': CMAKE_PREFIX_PATH=${CMAKE_PREFIX_PATH}:/opt/ros/jazzy DEBUGINFOD_URLS=https://debuginfod.ubuntu.com /usr/bin/cmake /home/yahia/Documents/GitHub/robotics/src/mujoco_ros2 -DCMAKE_INSTALL_PREFIX=/home/yahia/Documents/GitHub/robotics/install/mujoco_ros2
[0.062s] -- Found ament_cmake: 2.5.4 (/opt/ros/jazzy/share/ament_cmake/cmake)
[0.437s] -- Found Python3: /usr/bin/python3 (found version "3.12.3") found components: Interpreter 
[0.695s] -- Found rclcpp: 28.1.12 (/opt/ros/jazzy/share/rclcpp/cmake)
[0.865s] -- Found rosidl_generator_c: 4.6.6 (/opt/ros/jazzy/share/rosidl_generator_c/cmake)
[0.904s] -- Found rosidl_generator_cpp: 4.6.6 (/opt/ros/jazzy/share/rosidl_generator_cpp/cmake)
[0.955s] -- Using all available rosidl_typesupport_c: rosidl_typesupport_fastrtps_c;rosidl_typesupport_introspection_c
[1.041s] -- Using all available rosidl_typesupport_cpp: rosidl_typesupport_fastrtps_cpp;rosidl_typesupport_introspection_cpp
[1.362s] -- Found rmw_implementation_cmake: 7.3.2 (/opt/ros/jazzy/share/rmw_implementation_cmake/cmake)
[1.369s] -- Found rmw_fastrtps_cpp: 8.4.3 (/opt/ros/jazzy/share/rmw_fastrtps_cpp/cmake)
[1.547s] -- Found OpenSSL: /usr/lib/x86_64-linux-gnu/libcrypto.so (found version "3.0.13")  
[1.620s] -- Found FastRTPS: /opt/ros/jazzy/include (Required is at least version "2.13") 
[1.692s] -- Using RMW implementation 'rmw_fastrtps_cpp' as default
[1.888s] -- Found sensor_msgs: 5.3.6 (/opt/ros/jazzy/share/sensor_msgs/cmake)
[2.257s] -- Configuring done (2.2s)
[2.282s] -- Generating done (0.0s)
[2.291s] -- Build files have been written to: /home/yahia/Documents/GitHub/robotics/build/mujoco_ros2
[2.310s] Invoked command in '/home/yahia/Documents/GitHub/robotics/build/mujoco_ros2' returned '0': CMAKE_PREFIX_PATH=${CMAKE_PREFIX_PATH}:/opt/ros/jazzy DEBUGINFOD_URLS=https://debuginfod.ubuntu.com /usr/bin/cmake /home/yahia/Documents/GitHub/robotics/src/mujoco_ros2 -DCMAKE_INSTALL_PREFIX=/home/yahia/Documents/GitHub/robotics/install/mujoco_ros2
[2.314s] Invoking command in '/home/yahia/Documents/GitHub/robotics/build/mujoco_ros2': CMAKE_PREFIX_PATH=${CMAKE_PREFIX_PATH}:/opt/ros/jazzy DEBUGINFOD_URLS=https://debuginfod.ubuntu.com /usr/bin/cmake --build /home/yahia/Documents/GitHub/robotics/build/mujoco_ros2 -- -j8 -l8
[2.525s] [ 33%] [32mBuilding CXX object CMakeFiles/mujoco_node.dir/src/nodes/mujoco_node.cpp.o[0m
[2.526s] [ 66%] [32mBuilding CXX object CMakeFiles/mujoco_node.dir/src/mujoco_ros.cpp.o[0m
[16.700s] [100%] [32m[1mLinking CXX executable mujoco_node[0m
[17.447s] [100%] Built target mujoco_node
[17.467s] Invoked command in '/home/yahia/Documents/GitHub/robotics/build/mujoco_ros2' returned '0': CMAKE_PREFIX_PATH=${CMAKE_PREFIX_PATH}:/opt/ros/jazzy DEBUGINFOD_URLS=https://debuginfod.ubuntu.com /usr/bin/cmake --build /home/yahia/Documents/GitHub/robotics/build/mujoco_ros2 -- -j8 -l8
[17.486s] Invoking command in '/home/yahia/Documents/GitHub/robotics/build/mujoco_ros2': CMAKE_PREFIX_PATH=${CMAKE_PREFIX_PATH}:/opt/ros/jazzy DEBUGINFOD_URLS=https://debuginfod.ubuntu.com /usr/bin/cmake --install /home/yahia/Documents/GitHub/robotics/build/mujoco_ros2
[17.500s] -- Install configuration: ""
[17.500s] -- Installing: /home/yahia/Documents/GitHub/robotics/install/mujoco_ros2/lib/mujoco_ros2/mujoco_node
[17.508s] -- Set non-toolchain portion of runtime path of "/home/yahia/Documents/GitHub/robotics/install/mujoco_ros2/lib/mujoco_ros2/mujoco_node" to ""
[17.508s] -- Installing: /home/yahia/Documents/GitHub/robotics/install/mujoco_ros2/share/mujoco_ros2/launch
[17.508s] -- Installing: /home/yahia/Documents/GitHub/robotics/install/mujoco_ros2/share/mujoco_ros2/launch/example.py
[17.509s] -- Installing: /home/yahia/Documents/GitHub/robotics/install/mujoco_ros2/share/mujoco_ros2/model
[17.509s] -- Installing: /home/yahia/Documents/GitHub/robotics/install/mujoco_ros2/share/mujoco_ros2/model/scene.xml
[17.509s] -- Installing: /home/yahia/Documents/GitHub/robotics/install/mujoco_ros2/share/mujoco_ros2/model/two_link_planar.xml
[17.510s] -- Installing: /home/yahia/Documents/GitHub/robotics/install/mujoco_ros2/share/ament_index/resource_index/package_run_dependencies/mujoco_ros2
[17.511s] -- Installing: /home/yahia/Documents/GitHub/robotics/install/mujoco_ros2/share/ament_index/resource_index/parent_prefix_path/mujoco_ros2
[17.511s] -- Installing: /home/yahia/Documents/GitHub/robotics/install/mujoco_ros2/share/mujoco_ros2/environment/ament_prefix_path.sh
[17.512s] -- Installing: /home/yahia/Documents/GitHub/robotics/install/mujoco_ros2/share/mujoco_ros2/environment/ament_prefix_path.dsv
[17.512s] -- Installing: /home/yahia/Documents/GitHub/robotics/install/mujoco_ros2/share/mujoco_ros2/environment/path.sh
[17.513s] -- Installing: /home/yahia/Documents/GitHub/robotics/install/mujoco_ros2/share/mujoco_ros2/environment/path.dsv
[17.513s] -- Installing: /home/yahia/Documents/GitHub/robotics/install/mujoco_ros2/share/mujoco_ros2/local_setup.bash
[17.513s] -- Installing: /home/yahia/Documents/GitHub/robotics/install/mujoco_ros2/share/mujoco_ros2/local_setup.sh
[17.513s] -- Installing: /home/yahia/Documents/GitHub/robotics/install/mujoco_ros2/share/mujoco_ros2/local_setup.zsh
[17.514s] -- Installing: /home/yahia/Documents/GitHub/robotics/install/mujoco_ros2/share/mujoco_ros2/local_setup.dsv
[17.514s] -- Installing: /home/yahia/Documents/GitHub/robotics/install/mujoco_ros2/share/mujoco_ros2/package.dsv
[17.514s] -- Installing: /home/yahia/Documents/GitHub/robotics/install/mujoco_ros2/share/ament_index/resource_index/packages/mujoco_ros2
[17.514s] -- Installing: /home/yahia/Documents/GitHub/robotics/install/mujoco_ros2/share/mujoco_ros2/cmake/mujoco_ros2Config.cmake
[17.515s] -- Installing: /home/yahia/Documents/GitHub/robotics/install/mujoco_ros2/share/mujoco_ros2/cmake/mujoco_ros2Config-version.cmake
[17.515s] -- Installing: /home/yahia/Documents/GitHub/robotics/install/mujoco_ros2/share/mujoco_ros2/package.xml
[17.519s] Invoked command in '/home/yahia/Documents/GitHub/robotics/build/mujoco_ros2' returned '0': CMAKE_PREFIX_PATH=${CMAKE_PREFIX_PATH}:/opt/ros/jazzy DEBUGINFOD_URLS=https://debuginfod.ubuntu.com /usr/bin/cmake --install /home/yahia/Documents/GitHub/robotics/build/mujoco_ros2
