[0.021s] Invoking command in '/home/yahia/Documents/GitHub/robotics/build/mujoco_ros2': CMAKE_PREFIX_PATH=${CMAKE_PREFIX_PATH}:/opt/ros/jazzy DEBUGINFOD_URLS=https://debuginfod.ubuntu.com /usr/bin/cmake --build /home/yahia/Documents/GitHub/robotics/build/mujoco_ros2 -- -j8 -l8
[0.153s] [100%] Built target mujoco_node
[0.204s] Invoked command in '/home/yahia/Documents/GitHub/robotics/build/mujoco_ros2' returned '0': CMAKE_PREFIX_PATH=${CMAKE_PREFIX_PATH}:/opt/ros/jazzy DEBUGINFOD_URLS=https://debuginfod.ubuntu.com /usr/bin/cmake --build /home/yahia/Documents/GitHub/robotics/build/mujoco_ros2 -- -j8 -l8
[0.250s] Invoking command in '/home/yahia/Documents/GitHub/robotics/build/mujoco_ros2': CMAKE_PREFIX_PATH=${CMAKE_PREFIX_PATH}:/opt/ros/jazzy DEBUGINFOD_URLS=https://debuginfod.ubuntu.com /usr/bin/cmake --install /home/yahia/Documents/GitHub/robotics/build/mujoco_ros2
[0.284s] -- Install configuration: ""
[0.286s] -- Execute custom install script
[0.287s] -- Up-to-date symlink: /home/yahia/Documents/GitHub/robotics/install/mujoco_ros2/lib/mujoco_ros2/mujoco_node
[0.288s] -- Up-to-date symlink: /home/yahia/Documents/GitHub/robotics/install/mujoco_ros2/share/mujoco_ros2/launch/example.py
[0.289s] -- Up-to-date symlink: /home/yahia/Documents/GitHub/robotics/install/mujoco_ros2/share/mujoco_ros2/model/assets/base_link.stl
[0.290s] -- Up-to-date symlink: /home/yahia/Documents/GitHub/robotics/install/mujoco_ros2/share/mujoco_ros2/model/assets/base_link_collision.stl
[0.290s] -- Up-to-date symlink: /home/yahia/Documents/GitHub/robotics/install/mujoco_ros2/share/mujoco_ros2/model/assets/base_link_motor.stl
[0.291s] -- Up-to-date symlink: /home/yahia/Documents/GitHub/robotics/install/mujoco_ros2/share/mujoco_ros2/model/assets/elbow_to_wrist.stl
[0.291s] -- Up-to-date symlink: /home/yahia/Documents/GitHub/robotics/install/mujoco_ros2/share/mujoco_ros2/model/assets/elbow_to_wrist_collision.stl
[0.292s] -- Up-to-date symlink: /home/yahia/Documents/GitHub/robotics/install/mujoco_ros2/share/mujoco_ros2/model/assets/elbow_to_wrist_extension.stl
[0.292s] -- Up-to-date symlink: /home/yahia/Documents/GitHub/robotics/install/mujoco_ros2/share/mujoco_ros2/model/assets/elbow_to_wrist_extension_collision.stl
[0.293s] -- Up-to-date symlink: /home/yahia/Documents/GitHub/robotics/install/mujoco_ros2/share/mujoco_ros2/model/assets/elbow_to_wrist_extension_motor.stl
[0.293s] -- Up-to-date symlink: /home/yahia/Documents/GitHub/robotics/install/mujoco_ros2/share/mujoco_ros2/model/assets/elbow_to_wrist_motor.stl
[0.293s] -- Up-to-date symlink: /home/yahia/Documents/GitHub/robotics/install/mujoco_ros2/share/mujoco_ros2/model/assets/gripper_moving_finger.stl
[0.294s] -- Up-to-date symlink: /home/yahia/Documents/GitHub/robotics/install/mujoco_ros2/share/mujoco_ros2/model/assets/gripper_moving_finger_collision_1.stl
[0.294s] -- Up-to-date symlink: /home/yahia/Documents/GitHub/robotics/install/mujoco_ros2/share/mujoco_ros2/model/assets/gripper_moving_finger_collision_2.stl
[0.294s] -- Up-to-date symlink: /home/yahia/Documents/GitHub/robotics/install/mujoco_ros2/share/mujoco_ros2/model/assets/gripper_static_finger.stl
[0.295s] -- Up-to-date symlink: /home/yahia/Documents/GitHub/robotics/install/mujoco_ros2/share/mujoco_ros2/model/assets/gripper_static_finger_collision_1.stl
[0.295s] -- Up-to-date symlink: /home/yahia/Documents/GitHub/robotics/install/mujoco_ros2/share/mujoco_ros2/model/assets/gripper_static_finger_collision_2.stl
[0.295s] -- Up-to-date symlink: /home/yahia/Documents/GitHub/robotics/install/mujoco_ros2/share/mujoco_ros2/model/assets/gripper_static_finger_motor.stl
[0.296s] -- Up-to-date symlink: /home/yahia/Documents/GitHub/robotics/install/mujoco_ros2/share/mujoco_ros2/model/assets/shoulder_rotation.stl
[0.296s] -- Up-to-date symlink: /home/yahia/Documents/GitHub/robotics/install/mujoco_ros2/share/mujoco_ros2/model/assets/shoulder_rotation_collision.stl
[0.296s] -- Up-to-date symlink: /home/yahia/Documents/GitHub/robotics/install/mujoco_ros2/share/mujoco_ros2/model/assets/shoulder_rotation_motor.stl
[0.297s] -- Up-to-date symlink: /home/yahia/Documents/GitHub/robotics/install/mujoco_ros2/share/mujoco_ros2/model/assets/shoulder_to_elbow.stl
[0.297s] -- Up-to-date symlink: /home/yahia/Documents/GitHub/robotics/install/mujoco_ros2/share/mujoco_ros2/model/assets/shoulder_to_elbow_collision.stl
[0.297s] -- Up-to-date symlink: /home/yahia/Documents/GitHub/robotics/install/mujoco_ros2/share/mujoco_ros2/model/assets/shoulder_to_elbow_motor.stl
[0.298s] -- Up-to-date symlink: /home/yahia/Documents/GitHub/robotics/install/mujoco_ros2/share/mujoco_ros2/model/low_cost_robot_arm.xml
[0.298s] -- Up-to-date symlink: /home/yahia/Documents/GitHub/robotics/install/mujoco_ros2/share/mujoco_ros2/model/scene.xml
[0.298s] -- Up-to-date symlink: /home/yahia/Documents/GitHub/robotics/install/mujoco_ros2/share/mujoco_ros2/model/two_link_planar.xml
[0.299s] -- Up-to-date symlink: /home/yahia/Documents/GitHub/robotics/install/mujoco_ros2/share/ament_index/resource_index/package_run_dependencies/mujoco_ros2
[0.299s] -- Up-to-date symlink: /home/yahia/Documents/GitHub/robotics/install/mujoco_ros2/share/ament_index/resource_index/parent_prefix_path/mujoco_ros2
[0.300s] -- Up-to-date symlink: /home/yahia/Documents/GitHub/robotics/install/mujoco_ros2/share/mujoco_ros2/environment/ament_prefix_path.sh
[0.300s] -- Up-to-date symlink: /home/yahia/Documents/GitHub/robotics/install/mujoco_ros2/share/mujoco_ros2/environment/ament_prefix_path.dsv
[0.301s] -- Up-to-date symlink: /home/yahia/Documents/GitHub/robotics/install/mujoco_ros2/share/mujoco_ros2/environment/path.sh
[0.301s] -- Up-to-date symlink: /home/yahia/Documents/GitHub/robotics/install/mujoco_ros2/share/mujoco_ros2/environment/path.dsv
[0.302s] -- Up-to-date symlink: /home/yahia/Documents/GitHub/robotics/install/mujoco_ros2/share/mujoco_ros2/local_setup.bash
[0.302s] -- Up-to-date symlink: /home/yahia/Documents/GitHub/robotics/install/mujoco_ros2/share/mujoco_ros2/local_setup.sh
[0.302s] -- Up-to-date symlink: /home/yahia/Documents/GitHub/robotics/install/mujoco_ros2/share/mujoco_ros2/local_setup.zsh
[0.303s] -- Up-to-date symlink: /home/yahia/Documents/GitHub/robotics/install/mujoco_ros2/share/mujoco_ros2/local_setup.dsv
[0.303s] -- Symlinking: /home/yahia/Documents/GitHub/robotics/install/mujoco_ros2/share/mujoco_ros2/package.dsv
[0.322s] -- Up-to-date symlink: /home/yahia/Documents/GitHub/robotics/install/mujoco_ros2/share/ament_index/resource_index/packages/mujoco_ros2
[0.322s] -- Up-to-date symlink: /home/yahia/Documents/GitHub/robotics/install/mujoco_ros2/share/mujoco_ros2/cmake/mujoco_ros2Config.cmake
[0.322s] -- Up-to-date symlink: /home/yahia/Documents/GitHub/robotics/install/mujoco_ros2/share/mujoco_ros2/cmake/mujoco_ros2Config-version.cmake
[0.323s] -- Up-to-date symlink: /home/yahia/Documents/GitHub/robotics/install/mujoco_ros2/share/mujoco_ros2/package.xml
[0.327s] Invoked command in '/home/yahia/Documents/GitHub/robotics/build/mujoco_ros2' returned '0': CMAKE_PREFIX_PATH=${CMAKE_PREFIX_PATH}:/opt/ros/jazzy DEBUGINFOD_URLS=https://debuginfod.ubuntu.com /usr/bin/cmake --install /home/yahia/Documents/GitHub/robotics/build/mujoco_ros2
